[2015-10-06 07:32:59] START
[2015-10-06 07:33:41] CREATE dbTables.py: 0
[2015-10-06 07:34:23] CREATE default/create.html: 0
[2015-10-06 07:35:25] CREATE default/blogview.html: 0
[2015-10-06 07:35:59] CREATE default/myblog.html: 0
[2015-10-06 07:38:29] EDIT Blog/models/dbTables.py: 19
[2015-10-06 07:40:10] EDIT Blog/models/dbTables.py: 0
[2015-10-06 07:40:17] EDIT Blog/models/dbTables.py: 0
[2015-10-06 07:42:07] EDIT Blog/models/dbTables.py: 0
[2015-10-06 07:43:03] EDIT Blog/models/dbTables.py: 0
[2015-10-06 07:50:48] CREATE default/editpage.html: 0
[2015-10-06 08:40:18] EDIT Blog/controllers/default.py: 21
[2015-10-06 08:40:48] EDIT Blog/controllers/default.py: 0
[2015-10-06 08:40:56] EDIT Blog/controllers/default.py: 0
[2015-10-06 08:41:17] EDIT Blog/controllers/default.py: 0
[2015-10-06 08:41:57] EDIT Blog/controllers/default.py: 0
[2015-10-06 08:46:58] EDIT Blog/controllers/default.py: 0
[2015-10-06 09:00:08] EDIT Blog/controllers/default.py: 0
[2015-10-08 06:22:53] EDIT Blog/controllers/default.py: 0
[2015-10-08 06:23:26] EDIT Blog/controllers/default.py: -2
[2015-10-08 06:26:35] EDIT Blog/controllers/default.py: 2
[2015-10-08 06:26:36] EDIT Blog/controllers/default.py: 0
[2015-10-08 06:30:02] EDIT Blog/controllers/default.py: 0
[2015-10-08 06:33:09] EDIT Blog/views/default/index.html: -48
[2015-10-08 06:35:58] EDIT Blog/views/default/index.html: 1
[2015-10-08 06:37:22] EDIT Blog/models/dbTables.py: 0
[2015-10-08 06:37:25] EDIT Blog/models/dbTables.py: 0
[2015-10-08 06:37:45] EDIT Blog/models/dbTables.py: 0
[2015-10-08 06:39:55] EDIT Blog/views/default/index.html: 0
[2015-10-08 06:40:56] EDIT Blog/views/default/index.html: 0
[2015-10-08 06:41:22] EDIT Blog/views/default/index.html: 0
[2015-10-08 06:41:23] EDIT Blog/views/default/index.html: 0
[2015-10-08 06:49:15] EDIT Blog/views/default/index.html: 10
[2015-10-08 06:50:47] EDIT Blog/views/default/index.html: 0
[2015-10-08 06:50:48] EDIT Blog/views/default/index.html: 0
[2015-10-08 06:52:18] EDIT Blog/views/default/index.html: -8
[2015-10-08 06:53:09] EDIT Blog/views/default/index.html: 9
[2015-10-08 06:53:18] EDIT Blog/views/default/index.html: 1
[2015-10-08 06:53:40] EDIT Blog/views/default/index.html: 0
[2015-10-08 06:54:48] EDIT Blog/views/default/index.html: -2
[2015-10-08 06:55:02] EDIT Blog/views/default/index.html: -1
[2015-10-08 07:10:26] EDIT Blog/views/default/index.html: 20
[2015-10-08 07:12:00] EDIT Blog/views/default/index.html: 4
[2015-10-08 07:12:37] EDIT Blog/views/default/index.html: 1
[2015-10-08 07:14:07] EDIT Blog/views/default/index.html: 0
[2015-10-08 07:14:09] EDIT Blog/views/default/index.html: 0
[2015-10-08 07:15:19] EDIT Blog/views/default/index.html: 0
[2015-10-08 07:17:26] EDIT Blog/models/dbTables.py: 0
[2015-10-08 07:24:30] EDIT Blog/views/default/index.html: 1
[2015-10-08 07:25:01] EDIT Blog/views/default/index.html: 0
[2015-10-08 07:27:41] EDIT Blog/views/default/index.html: 0
[2015-10-08 07:30:02] EDIT Blog/views/default/index.html: -3
[2015-10-08 07:30:15] EDIT Blog/views/default/index.html: 3
[2015-10-08 07:31:00] EDIT Blog/views/default/index.html: 0
[2015-10-08 07:32:20] EDIT Blog/views/default/index.html: -3
[2015-10-08 07:35:53] EDIT Blog/views/default/index.html: 1
[2015-10-08 07:36:25] EDIT Blog/views/default/index.html: -2
[2015-10-08 07:36:50] EDIT Blog/views/default/index.html: 0
[2015-10-08 07:38:56] EDIT Blog/views/default/index.html: 0
[2015-10-08 07:42:35] EDIT Blog/views/default/index.html: 4
[2015-10-08 07:42:54] CREATE default/readlogin.html: 0
[2015-10-08 07:43:15] CREATE default/readnotlogin.html: 0
[2015-10-08 07:43:26] EDIT Blog/views/default/readnotlogin.html: 0
[2015-10-08 07:46:00] EDIT Blog/views/default/index.html: -2
[2015-10-08 07:47:27] EDIT Blog/views/default/index.html: -3
[2015-10-08 07:48:03] EDIT Blog/views/default/index.html: 3
[2015-10-08 07:48:49] EDIT Blog/views/default/index.html: 0
[2015-10-08 07:49:04] EDIT Blog/views/default/index.html: 0
[2015-10-08 07:49:27] EDIT Blog/views/default/index.html: 1
[2015-10-08 07:49:57] EDIT Blog/views/default/index.html: 0
[2015-10-08 07:53:46] EDIT Blog/views/default/index.html: -1
[2015-10-08 07:53:47] EDIT Blog/views/default/index.html: 0
[2015-10-08 07:54:49] EDIT Blog/views/default/index.html: -4
[2015-10-08 07:56:25] EDIT Blog/models/dbTables.py: 1
[2015-10-08 07:56:27] EDIT Blog/models/dbTables.py: 0
[2015-10-08 07:56:41] EDIT Blog/views/default/index.html: 0
[2015-10-08 08:01:39] EDIT Blog/views/default/index.html: 0
[2015-10-08 08:02:51] EDIT Blog/views/default/index.html: 0
[2015-10-08 08:03:39] EDIT Blog/models/dbTables.py: 0
[2015-10-08 08:03:40] EDIT Blog/models/dbTables.py: 0
[2015-10-08 08:04:09] EDIT Blog/models/dbTables.py: 0
[2015-10-08 08:04:11] EDIT Blog/views/default/index.html: 0
[2015-10-08 08:04:13] EDIT Blog/models/dbTables.py: 0
[2015-10-08 08:05:20] EDIT Blog/views/default/index.html: 0
[2015-10-08 08:06:45] EDIT Blog/views/default/index.html: -3
[2015-10-08 08:11:02] EDIT Blog/views/default/index.html: 12
[2015-10-08 08:11:57] EDIT Blog/views/default/index.html: 0
[2015-10-08 08:12:25] EDIT Blog/views/default/index.html: 2
[2015-10-08 08:18:39] EDIT Blog/models/dbTables.py: -1
[2015-10-08 08:19:05] EDIT Blog/models/dbTables.py: 0
[2015-10-08 08:20:33] EDIT Blog/controllers/default.py: 0
[2015-10-08 08:22:16] EDIT Blog/views/default/index.html: 9
[2015-10-08 08:22:56] EDIT Blog/views/default/index.html: 0
[2015-10-08 08:36:37] EDIT Blog/controllers/default.py: 3
[2015-10-08 08:39:18] EDIT Blog/controllers/default.py: 7
[2015-10-08 08:44:26] EDIT Blog/controllers/default.py: 4
[2015-10-08 08:45:08] EDIT Blog/controllers/default.py: 1
[2015-10-08 08:45:10] EDIT Blog/controllers/default.py: 0
[2015-10-08 08:45:16] EDIT Blog/controllers/default.py: 0
[2015-10-08 09:00:32] EDIT Blog/views/default/readnotlogin.html: 20
[2015-10-08 09:00:33] EDIT Blog/views/default/readnotlogin.html: 0
[2015-10-08 09:05:13] EDIT Blog/views/default/readnotlogin.html: 15
[2015-10-08 09:05:54] EDIT Blog/controllers/default.py: 1
[2015-10-08 09:07:57] EDIT Blog/controllers/default.py: 0
[2015-10-08 09:08:48] EDIT Blog/controllers/default.py: 0
[2015-10-08 09:12:08] EDIT Blog/views/default/readnotlogin.html: 1
[2015-10-08 09:16:48] EDIT Blog/views/default/readnotlogin.html: 0
[2015-10-08 09:16:59] EDIT Blog/views/default/readnotlogin.html: 0
[2015-10-08 09:18:53] EDIT Blog/views/default/readnotlogin.html: 1
[2015-10-08 09:19:00] EDIT Blog/views/default/readnotlogin.html: 0
[2015-10-08 09:19:53] EDIT Blog/views/default/readnotlogin.html: 0
[2015-10-08 09:20:27] EDIT Blog/views/default/readnotlogin.html: 0
[2015-10-08 09:20:56] EDIT Blog/views/default/readnotlogin.html: 2
[2015-10-08 09:21:06] EDIT Blog/views/default/readnotlogin.html: 0
[2015-10-08 09:21:52] EDIT Blog/views/default/readlogin.html: 10
[2015-10-08 09:22:17] EDIT Blog/views/default/readnotlogin.html: 0
[2015-10-08 09:22:26] EDIT Blog/views/default/readlogin.html: 4
[2015-10-08 09:23:17] EDIT Blog/views/default/readlogin.html: 18
[2015-10-08 09:24:10] EDIT Blog/controllers/default.py: 0
[2015-10-08 09:25:58] EDIT Blog/views/default/readlogin.html: 0
[2015-10-08 09:27:56] EDIT Blog/views/default/readlogin.html: 0
[2015-10-08 09:29:21] EDIT Blog/views/default/readlogin.html: 1
[2015-10-08 09:31:52] EDIT Blog/controllers/default.py: 1
[2015-10-08 09:32:03] EDIT Blog/controllers/default.py: 0
[2015-10-08 09:33:35] EDIT Blog/views/default/readnotlogin.html: 0
[2015-10-08 09:35:21] EDIT Blog/controllers/default.py: -3
[2015-10-08 09:36:47] EDIT Blog/controllers/default.py: 0
[2015-10-08 09:38:20] EDIT Blog/controllers/default.py: 0
[2015-10-08 10:09:02] EDIT Blog/controllers/default.py: 1
[2015-10-08 10:14:39] EDIT Blog/views/default/myblog.html: 13
[2015-10-08 10:17:19] EDIT Blog/controllers/default.py: 0
[2015-10-08 10:19:14] EDIT Blog/views/default/myblog.html: 36
[2015-10-08 10:20:47] EDIT Blog/views/default/myblog.html: -8
[2015-10-08 10:20:54] EDIT Blog/views/default/myblog.html: 0
[2015-10-08 10:21:25] EDIT Blog/views/default/myblog.html: 14
[2015-10-08 10:21:53] EDIT Blog/views/default/readlogin.html: 14
[2015-10-08 10:22:13] EDIT Blog/views/default/index.html: 14
[2015-10-08 10:23:33] EDIT Blog/views/default/readnotlogin.html: 18
[2015-10-08 10:25:12] EDIT Blog/views/default/myblog.html: 0
[2015-10-08 10:25:57] EDIT Blog/models/menu.py: 0
[2015-10-08 10:27:57] EDIT Blog/models/menu.py: 0
[2015-10-08 10:28:10] EDIT Blog/models/menu.py: 0
[2015-10-08 10:28:24] EDIT Blog/models/menu.py: -3
[2015-10-08 10:29:07] EDIT Blog/models/menu.py: 3
[2015-10-08 10:30:18] EDIT Blog/models/menu.py: 0
[2015-10-08 10:30:24] EDIT Blog/models/menu.py: 0
[2015-10-08 10:31:35] EDIT Blog/models/menu.py: 0
[2015-10-08 11:17:04] EDIT Blog/controllers/default.py: 1
[2015-10-08 11:17:14] EDIT Blog/controllers/default.py: 0
[2015-10-08 11:17:36] EDIT Blog/controllers/default.py: 0
[2015-10-08 11:17:38] EDIT Blog/controllers/default.py: 0
[2015-10-08 11:17:44] EDIT Blog/controllers/default.py: 0
[2015-10-08 11:17:49] EDIT Blog/controllers/default.py: 0
[2015-10-08 11:19:21] EDIT Blog/views/default/create.html: 12
[2015-10-08 11:20:03] EDIT Blog/views/default/create.html: 2
[2015-10-08 11:23:15] EDIT Blog/controllers/default.py: 0
[2015-10-08 11:23:32] EDIT Blog/controllers/default.py: 0
[2015-10-08 11:24:09] EDIT Blog/controllers/default.py: 1
[2015-10-08 11:24:40] EDIT Blog/views/default/index.html: 2
[2015-10-08 11:25:07] EDIT Blog/views/default/create.html: 0
[2015-10-08 11:25:09] EDIT Blog/views/default/readnotlogin.html: 0
[2015-10-08 11:25:11] EDIT Blog/controllers/default.py: 0
[2015-10-08 11:25:13] EDIT Blog/views/default/myblog.html: 0
[2015-10-08 11:25:16] EDIT Blog/views/default/readlogin.html: 2
[2015-10-08 11:25:18] EDIT Blog/views/default/index.html: 0
[2015-10-08 11:28:14] EDIT Blog/views/default/index.html: 5
[2015-10-08 11:29:27] EDIT Blog/views/default/index.html: 8
[2015-10-08 11:30:54] EDIT Blog/views/default/index.html: 4
[2015-10-08 11:31:58] EDIT Blog/views/default/index.html: 3
[2015-10-08 11:32:00] EDIT Blog/views/default/index.html: 0
[2015-10-08 11:32:59] EDIT Blog/views/default/index.html: 0
[2015-10-08 11:33:30] EDIT Blog/views/default/index.html: 0
[2015-10-08 11:33:47] EDIT Blog/views/default/index.html: 0
[2015-10-08 11:47:52] EDIT Blog/views/default/myblog.html: 0
[2015-10-08 11:49:24] EDIT Blog/views/default/myblog.html: 0
[2015-10-08 11:52:07] EDIT Blog/views/default/myblog.html: 0
[2015-10-08 11:52:52] EDIT Blog/views/default/myblog.html: 0
[2015-10-08 11:59:52] EDIT Blog/views/default/myblog.html: 0
[2015-10-08 12:00:02] EDIT Blog/views/default/myblog.html: 0
[2015-10-08 12:01:39] EDIT Blog/controllers/default.py: 1
[2015-10-08 12:01:49] EDIT Blog/controllers/default.py: 0
[2015-10-08 12:04:10] EDIT Blog/controllers/default.py: 0
[2015-10-08 12:04:12] EDIT Blog/controllers/default.py: 0
[2015-10-08 12:04:21] EDIT Blog/controllers/default.py: 0
[2015-10-08 12:04:22] EDIT Blog/controllers/default.py: 0
[2015-10-08 12:04:23] EDIT Blog/controllers/default.py: 0
[2015-10-08 12:04:48] EDIT Blog/views/default/myblog.html: 0
[2015-10-08 12:04:50] EDIT Blog/views/default/myblog.html: 0
[2015-10-08 12:05:28] EDIT Blog/controllers/default.py: 0
[2015-10-08 12:06:32] EDIT Blog/views/default/myblog.html: 0
[2015-10-08 12:06:57] EDIT Blog/views/default/myblog.html: 0
[2015-10-08 12:07:13] EDIT Blog/views/default/myblog.html: 0
[2015-10-08 12:08:33] EDIT Blog/controllers/default.py: 0
[2015-10-08 12:09:50] EDIT Blog/controllers/default.py: 0
[2015-10-08 12:10:04] EDIT Blog/views/default/myblog.html: 0
[2015-10-08 12:10:31] EDIT Blog/controllers/default.py: 0
[2015-10-08 12:11:25] EDIT Blog/views/default/myblog.html: 0
[2015-10-08 12:12:12] EDIT Blog/controllers/default.py: 0
[2015-10-08 12:12:48] EDIT Blog/views/default/myblog.html: 0
[2015-10-08 12:14:07] EDIT Blog/controllers/default.py: 0
[2015-10-08 12:15:52] EDIT Blog/controllers/default.py: 0
[2015-10-08 12:16:45] EDIT Blog/views/default/myblog.html: 1
[2015-10-08 12:19:11] EDIT Blog/views/default/myblog.html: 14
[2015-10-08 12:19:13] EDIT Blog/views/default/myblog.html: 0
[2015-10-08 12:20:07] EDIT Blog/views/default/myblog.html: 2
[2015-10-08 12:20:32] EDIT Blog/views/default/myblog.html: 1
[2015-10-08 12:23:53] EDIT Blog/controllers/default.py: 0
[2015-10-08 12:24:19] EDIT Blog/controllers/default.py: 0
[2015-10-08 12:25:02] EDIT Blog/controllers/default.py: 0
[2015-10-08 12:25:03] EDIT Blog/controllers/default.py: 0
[2015-10-08 12:25:45] EDIT Blog/controllers/default.py: 1
[2015-10-08 12:26:14] EDIT Blog/controllers/default.py: -1
[2015-10-08 12:34:59] EDIT Blog/views/default/myblog.html: -3
[2015-10-08 12:57:12] EDIT Blog/views/default/index.html: 0
[2015-10-08 12:57:34] EDIT Blog/views/default/index.html: -1
[2015-10-08 12:58:26] EDIT Blog/views/default/index.html: 1
[2015-10-08 13:00:36] EDIT Blog/models/menu.py: 0
[2015-10-08 13:11:43] EDIT Blog/controllers/default.py: 3
[2015-10-08 13:17:09] EDIT Blog/controllers/default.py: 0
[2015-10-08 13:17:10] EDIT Blog/controllers/default.py: 0
[2015-10-08 13:18:11] EDIT Blog/controllers/default.py: 0
[2015-10-08 13:22:09] EDIT Blog/views/default/myblog.html: 0
[2015-10-08 13:31:06] EDIT Blog/views/default/index.html: 1
[2015-10-08 13:34:43] EDIT Blog/views/default/index.html: 0
[2015-10-08 13:34:45] EDIT Blog/views/default/index.html: 0
[2015-10-08 13:35:47] EDIT Blog/views/default/index.html: -1
[2015-10-08 13:37:00] EDIT Blog/views/default/myblog.html: 0
[2015-10-08 13:37:37] EDIT Blog/views/default/myblog.html: 0
[2015-10-08 13:37:38] EDIT Blog/views/default/myblog.html: 0
[2015-10-08 13:38:17] EDIT Blog/views/default/myblog.html: 0
[2015-10-08 13:42:38] CREATE view/deletepage.html.py: 0
[2015-10-08 13:42:49] CREATE view/deletepage.html: 0
[2015-10-08 13:46:26] EDIT Blog/controllers/default.py: 3
[2015-10-08 13:47:04] EDIT Blog/controllers/default.py: 1
[2015-10-08 13:47:06] EDIT Blog/controllers/default.py: 0
[2015-10-08 13:47:26] EDIT Blog/views/default/myblog.html: 2
[2015-10-08 13:59:47] EDIT Blog/controllers/default.py: 6
[2015-10-08 14:02:13] EDIT Blog/views/default/create.html: 0
[2015-10-08 14:02:45] EDIT Blog/views/default/create.html: 2
[2015-10-08 14:04:01] EDIT Blog/views/default/editpage.html: 16
[2015-10-08 14:09:24] EDIT Blog/controllers/default.py: 0
[2015-10-08 15:28:57] EDIT Blog/controllers/default.py: 2
[2015-10-08 15:29:05] EDIT Blog/controllers/default.py: 0
[2015-10-08 15:29:11] EDIT Blog/controllers/default.py: 0
[2015-10-08 15:39:42] EDIT Blog/controllers/default.py: 6
[2015-10-08 15:39:52] EDIT Blog/controllers/default.py: 0
[2015-10-08 15:43:03] EDIT Blog/controllers/default.py: 5
[2015-10-08 15:46:29] EDIT Blog/controllers/default.py: 0
[2015-10-08 15:49:43] EDIT Blog/views/default/create.html: 0
[2015-10-08 15:50:03] EDIT Blog/views/default/create.html: 14
[2015-10-08 15:50:44] EDIT Blog/views/default/editpage.html: 16
[2015-10-08 15:51:17] EDIT Blog/views/default/index.html: 0
[2015-10-08 15:51:57] EDIT Blog/views/default/myblog.html: 0
[2015-10-08 15:52:21] EDIT Blog/views/default/readlogin.html: 0
[2015-10-08 15:52:44] EDIT Blog/views/default/readnotlogin.html: 0
[2015-10-08 15:56:22] EDIT Blog/models/dbTables.py: -1
[2015-10-08 16:12:51] EDIT Blog/views/default/readlogin.html: 14
[2015-10-08 16:12:53] EDIT Blog/views/default/readlogin.html: 0
[2015-10-08 16:13:18] EDIT Blog/views/default/readlogin.html: 0
[2015-10-08 16:15:17] DELETE Blog/models/view/deletepage.html.py: 0
[2015-10-08 16:30:01] EDIT Blog/controllers/default.py: 0
[2015-10-08 16:30:54] EDIT Blog/controllers/default.py: 0
[2015-10-08 18:14:47] EDIT Blog/views/default/readlogin.html: 2
[2015-10-08 18:14:56] EDIT Blog/views/default/readlogin.html: -1
[2015-10-08 18:15:38] EDIT Blog/views/default/readlogin.html: 2
[2015-10-08 18:15:56] EDIT Blog/views/default/readlogin.html: -1
[2015-10-08 19:22:51] EDIT Blog/controllers/default.py: 0
[2015-10-08 19:25:45] EDIT Blog/controllers/default.py: 0
[2015-10-08 19:26:12] EDIT Blog/controllers/default.py: 0
[2015-10-08 19:26:51] EDIT Blog/controllers/default.py: 0
[2015-10-08 19:36:55] EDIT Blog/views/default/readnotlogin.html: 2
[2015-10-08 19:37:00] EDIT Blog/views/default/readlogin.html: 0
[2015-10-08 19:40:34] EDIT Blog/controllers/default.py: 2
[2015-10-08 19:40:50] EDIT Blog/controllers/default.py: 0
[2015-10-08 19:41:00] EDIT Blog/controllers/default.py: 0
[2015-10-08 19:42:19] EDIT Blog/controllers/default.py: 0
[2015-10-08 19:42:50] EDIT Blog/controllers/default.py: 1
[2015-10-08 19:52:28] EDIT Blog/controllers/default.py: 0
[2015-10-08 19:53:54] EDIT Blog/controllers/default.py: 0
[2015-10-08 19:53:55] EDIT Blog/controllers/default.py: 0
[2015-10-08 19:58:09] EDIT Blog/controllers/default.py: 0
[2015-10-08 19:58:24] EDIT Blog/controllers/default.py: 0
[2015-10-08 19:58:26] EDIT Blog/controllers/default.py: 0
[2015-10-08 19:58:27] EDIT Blog/controllers/default.py: 0
[2015-10-08 19:58:28] EDIT Blog/controllers/default.py: 0
[2015-10-08 19:58:55] EDIT Blog/controllers/default.py: 0
[2015-10-08 19:59:40] EDIT Blog/controllers/default.py: 0
[2015-10-08 20:00:09] EDIT Blog/controllers/default.py: -1
[2015-10-08 20:00:10] EDIT Blog/controllers/default.py: 0
[2015-10-08 20:00:15] EDIT Blog/controllers/default.py: 0
[2015-10-08 20:00:17] EDIT Blog/controllers/default.py: 0
[2015-10-08 20:00:22] EDIT Blog/controllers/default.py: 0
[2015-10-08 20:00:34] EDIT Blog/controllers/default.py: 0
[2015-10-08 20:23:38] EDIT Blog/controllers/default.py: -2
[2015-10-08 20:25:40] EDIT Blog/controllers/default.py: 2
[2015-10-08 20:26:12] EDIT Blog/controllers/default.py: 1
[2015-10-08 20:26:13] EDIT Blog/controllers/default.py: 0
[2015-10-08 20:26:41] EDIT Blog/controllers/default.py: 0
[2015-10-08 20:28:47] EDIT Blog/controllers/default.py: 3
[2015-10-08 20:29:12] EDIT Blog/controllers/default.py: 0
[2015-10-08 20:29:14] EDIT Blog/controllers/default.py: 0
[2015-10-08 20:33:05] EDIT Blog/controllers/default.py: -6
[2015-10-09 07:29:11] EDIT Blog/views/default/readlogin.html: 2
[2015-10-09 07:30:45] EDIT Blog/views/default/readlogin.html: -2
[2015-10-09 07:46:46] EDIT Blog/controllers/default.py: 3
[2015-10-09 07:46:55] EDIT Blog/controllers/default.py: -3
[2015-10-09 07:46:57] EDIT Blog/controllers/default.py: 0
[2015-10-09 07:48:49] EDIT Blog/controllers/default.py: 0
[2015-10-09 09:26:05] EDIT Blog/controllers/default.py: 2
[2015-10-09 09:27:10] EDIT Blog/controllers/default.py: 0
[2015-10-09 09:27:11] EDIT Blog/controllers/default.py: 0
[2015-10-09 09:28:35] EDIT Blog/controllers/default.py: 0
[2015-10-09 09:28:43] EDIT Blog/controllers/default.py: 0
[2015-10-09 09:28:44] EDIT Blog/controllers/default.py: 0
[2015-10-09 09:43:53] EDIT Blog/controllers/default.py: 0
[2015-10-09 09:44:41] EDIT Blog/controllers/default.py: 0
[2015-10-09 09:44:48] EDIT Blog/controllers/default.py: 0
[2015-10-09 09:45:38] EDIT Blog/controllers/default.py: 0
[2015-10-09 09:45:39] EDIT Blog/controllers/default.py: 0
[2015-10-09 09:46:09] EDIT Blog/controllers/default.py: 0
[2015-10-09 10:31:38] EDIT Blog/controllers/default.py: 0
[2015-10-09 10:36:12] EDIT Blog/controllers/default.py: 0
[2015-10-09 10:37:13] EDIT Blog/controllers/default.py: 0
[2015-10-09 16:44:15] EDIT Blog/models/dbTables.py: 1
[2015-10-09 16:44:17] EDIT Blog/models/dbTables.py: 0
