[2015-11-21 07:02:40] START
[2015-11-21 07:03:20] CREATE dbTables.py: 0
[2015-11-21 07:05:41] EDIT DrawApp/models/dbTables.py: 9
[2015-11-21 07:05:57] EDIT DrawApp/models/dbTables.py: 0
[2015-11-21 07:06:14] EDIT DrawApp/models/dbTables.py: 0
[2015-11-21 07:08:53] EDIT DrawApp/models/dbTables.py: 4
[2015-11-21 07:08:54] EDIT DrawApp/models/dbTables.py: 0
[2015-11-21 07:08:55] EDIT DrawApp/models/dbTables.py: 0
[2015-11-21 07:11:35] EDIT DrawApp/controllers/default.py: -6
[2015-11-21 07:14:28] EDIT DrawApp/controllers/default.py: 0
[2015-11-21 07:14:44] EDIT DrawApp/controllers/default.py: 0
[2015-11-21 07:17:55] EDIT DrawApp/views/default/index.html: -47
[2015-11-21 07:19:20] EDIT DrawApp/views/default/index.html: 12
[2015-11-21 07:20:42] EDIT DrawApp/views/default/index.html: 4
[2015-11-21 07:24:09] EDIT DrawApp/views/default/index.html: 9
[2015-11-21 07:25:14] EDIT DrawApp/views/default/index.html: 20
[2015-11-21 07:25:45] EDIT DrawApp/views/default/index.html: 0
[2015-11-21 07:37:41] EDIT DrawApp/views/default/index.html: 44
[2015-11-21 07:39:40] EDIT DrawApp/controllers/default.py: 0
[2015-11-21 07:39:50] EDIT DrawApp/controllers/default.py: 0
[2015-11-21 07:41:21] EDIT DrawApp/models/dbTables.py: -1
[2015-11-21 07:41:38] EDIT DrawApp/controllers/default.py: 0
[2015-11-21 07:41:56] EDIT DrawApp/controllers/default.py: 0
[2015-11-21 07:43:23] EDIT DrawApp/controllers/default.py: 0
[2015-11-21 07:43:52] EDIT DrawApp/controllers/default.py: 0
[2015-11-21 07:43:54] EDIT DrawApp/controllers/default.py: 0
[2015-11-21 08:37:58] EDIT DrawApp/controllers/default.py: 0
[2015-11-21 08:38:21] EDIT DrawApp/controllers/default.py: 0
[2015-11-21 08:38:38] EDIT DrawApp/controllers/default.py: 0
[2015-11-21 08:39:01] EDIT DrawApp/controllers/default.py: 0
[2015-11-21 08:39:22] EDIT DrawApp/controllers/default.py: 0
[2015-11-21 08:39:50] EDIT DrawApp/controllers/default.py: 0
[2015-11-21 08:41:16] EDIT DrawApp/controllers/default.py: 7
[2015-11-21 08:46:46] CREATE default/uploadImages.html: 0
[2015-11-21 08:47:01] CREATE default/myImages.html: 0
[2015-11-21 08:47:17] EDIT DrawApp/views/default/myImages.html: -2
[2015-11-21 08:47:35] EDIT DrawApp/views/default/uploadImages.html: -1
[2015-11-21 08:52:07] EDIT DrawApp/views/default/uploadImages.html: 13
[2015-11-21 08:52:50] EDIT DrawApp/views/default/uploadImages.html: 3
[2015-11-21 08:57:43] EDIT DrawApp/controllers/default.py: 4
[2015-11-21 08:58:34] EDIT DrawApp/controllers/default.py: 0
[2015-11-21 09:03:40] EDIT DrawApp/views/default/index.html: 0
[2015-11-21 09:04:35] EDIT DrawApp/views/default/index.html: 1
[2015-11-21 09:08:23] EDIT DrawApp/views/default/myImages.html: 18
[2015-11-21 09:10:34] EDIT DrawApp/views/default/myImages.html: 69
[2015-11-21 09:20:34] EDIT DrawApp/views/default/index.html: 0
[2015-11-21 09:20:44] EDIT DrawApp/views/default/index.html: 0
[2015-11-21 09:23:27] EDIT DrawApp/views/default/myImages.html: -4
[2015-11-21 09:23:59] EDIT DrawApp/views/default/myImages.html: 0
[2015-11-21 09:24:01] EDIT DrawApp/views/default/index.html: 0
[2015-11-21 09:24:42] EDIT DrawApp/views/default/myImages.html: 0
[2015-11-21 09:31:41] EDIT DrawApp/models/dbTables.py: 5
[2015-11-21 09:31:48] EDIT DrawApp/models/dbTables.py: 0
[2015-11-21 09:32:21] EDIT DrawApp/models/dbTables.py: 4
[2015-11-21 09:34:07] EDIT DrawApp/views/default/uploadImages.html: -1
[2015-11-21 09:35:18] EDIT DrawApp/controllers/default.py: 1
[2015-11-21 09:38:42] EDIT DrawApp/controllers/default.py: 11
[2015-11-21 09:38:55] EDIT DrawApp/controllers/default.py: 0
[2015-11-21 09:40:35] EDIT DrawApp/controllers/default.py: 0
[2015-11-21 09:41:44] EDIT DrawApp/controllers/default.py: 0
[2015-11-21 09:43:25] EDIT DrawApp/controllers/default.py: 8
[2015-11-21 09:54:52] EDIT DrawApp/controllers/default.py: 0
[2015-11-21 09:55:00] EDIT DrawApp/controllers/default.py: 0
[2015-11-21 09:55:36] EDIT DrawApp/controllers/default.py: 0
[2015-11-21 09:56:54] EDIT DrawApp/models/dbTables.py: 0
[2015-11-21 09:57:10] EDIT DrawApp/models/dbTables.py: 0
[2015-11-21 09:58:06] EDIT DrawApp/controllers/default.py: 0
[2015-11-21 09:58:21] EDIT DrawApp/controllers/default.py: 0
[2015-11-21 09:58:58] EDIT DrawApp/controllers/default.py: 0
[2015-11-21 10:00:30] EDIT DrawApp/views/default/myImages.html: 0
[2015-11-21 10:04:46] EDIT DrawApp/controllers/default.py: 8
[2015-11-21 10:05:03] CREATE default/viewLogin.html: 0
[2015-11-21 10:05:20] CREATE default/viewNotlogin.html: 0
[2015-11-21 10:11:28] EDIT DrawApp/views/default/viewLogin.html: 17
[2015-11-21 10:12:58] EDIT DrawApp/views/default/viewLogin.html: 14
[2015-11-21 10:13:05] EDIT DrawApp/views/default/viewLogin.html: 0
[2015-11-21 10:13:58] EDIT DrawApp/views/default/viewLogin.html: 3
[2015-11-21 10:15:34] EDIT DrawApp/views/default/viewLogin.html: 8
[2015-11-21 10:15:41] EDIT DrawApp/views/default/viewLogin.html: 0
[2015-11-21 10:15:49] EDIT DrawApp/views/default/viewLogin.html: 0
[2015-11-21 10:16:52] EDIT DrawApp/views/default/viewLogin.html: 9
[2015-11-21 10:18:12] EDIT DrawApp/controllers/default.py: 0
[2015-11-21 10:19:48] EDIT DrawApp/views/default/viewLogin.html: 4
[2015-11-21 10:20:04] EDIT DrawApp/views/default/viewNotlogin.html: 21
[2015-11-21 10:23:45] EDIT DrawApp/views/default/viewNotlogin.html: 25
[2015-11-21 10:24:37] EDIT DrawApp/views/default/viewNotlogin.html: 12
[2015-11-21 10:42:10] EDIT DrawApp/views/default/viewNotlogin.html: 6
[2015-11-21 10:42:36] EDIT DrawApp/views/default/viewNotlogin.html: 0
[2015-11-21 10:43:54] CREATE js/viewimage.js: 0
[2015-11-21 10:44:43] EDIT DrawApp/views/default/viewNotlogin.html: 2
[2015-11-21 10:45:15] EDIT DrawApp/static/js/viewimage.js: 6
[2015-11-21 10:45:38] EDIT DrawApp/static/js/viewimage.js: 0
[2015-11-21 10:45:38] EDIT DrawApp/static/js/viewimage.js: 0
[2015-11-21 10:46:05] EDIT DrawApp/views/default/viewLogin.html: 6
[2015-11-21 10:46:19] EDIT DrawApp/controllers/default.py: 0
[2015-11-21 10:46:21] EDIT DrawApp/models/dbTables.py: 0
[2015-11-21 10:46:23] EDIT DrawApp/views/default/index.html: 0
[2015-11-21 10:46:25] EDIT DrawApp/views/default/myImages.html: 0
[2015-11-21 10:46:28] EDIT DrawApp/views/default/viewLogin.html: 0
[2015-11-21 10:46:30] EDIT DrawApp/views/default/viewNotlogin.html: 0
[2015-11-21 10:46:33] EDIT DrawApp/static/js/viewimage.js: 0
[2015-11-21 10:49:17] EDIT DrawApp/views/default/viewLogin.html: -2
[2015-11-21 10:49:35] EDIT DrawApp/views/default/index.html: -3
[2015-11-21 10:49:52] EDIT DrawApp/views/default/index.html: -3
[2015-11-21 10:50:01] EDIT DrawApp/views/default/index.html: 0
[2015-11-21 10:50:01] EDIT DrawApp/views/default/index.html: 0
[2015-11-21 10:50:46] EDIT DrawApp/views/default/viewLogin.html: 0
[2015-11-21 10:52:13] EDIT DrawApp/views/default/viewLogin.html: -1
[2015-11-21 10:52:21] EDIT DrawApp/views/default/viewLogin.html: 0
[2015-11-21 10:53:41] EDIT DrawApp/static/js/viewimage.js: 0
[2015-11-21 10:54:22] EDIT DrawApp/views/default/viewLogin.html: 0
[2015-11-21 10:55:08] UPLOAD /Users/vaibhavsharma/Dropbox/DePaul/CSC438/web2py/web2py.app/Contents/Resources/applications/DrawApp/static/static/js/paper.js: 11942
[2015-11-21 10:55:53] UPLOAD /Users/vaibhavsharma/Dropbox/DePaul/CSC438/web2py/web2py.app/Contents/Resources/applications/DrawApp/static/Static/js/paper.js: 11942
[2015-11-21 10:56:18] DELETE DrawApp/static/static/js/paper.js: -11942
[2015-11-21 10:56:56] UPLOAD /Users/vaibhavsharma/Dropbox/DePaul/CSC438/web2py/web2py.app/Contents/Resources/applications/DrawApp/static/js/paper.js: 11942
[2015-11-21 10:57:14] EDIT DrawApp/views/default/viewLogin.html: 0
[2015-11-21 10:57:30] EDIT DrawApp/views/default/viewNotlogin.html: 0
[2015-11-21 10:57:32] EDIT DrawApp/views/default/viewLogin.html: 0
[2015-11-21 11:02:30] EDIT DrawApp/views/default/viewNotlogin.html: -3
[2015-11-21 11:02:37] EDIT DrawApp/views/default/viewNotlogin.html: 0
[2015-11-21 11:06:17] EDIT DrawApp/views/default/viewNotlogin.html: -3
[2015-11-21 11:06:19] EDIT DrawApp/views/default/viewNotlogin.html: 0
[2015-11-21 11:06:35] EDIT DrawApp/views/default/viewNotlogin.html: 0
[2015-11-21 11:06:53] EDIT DrawApp/views/default/viewNotlogin.html: 0
[2015-11-21 11:06:53] EDIT DrawApp/views/default/viewNotlogin.html: 0
[2015-11-21 11:09:09] EDIT DrawApp/views/default/viewLogin.html: -3
[2015-11-21 11:09:17] EDIT DrawApp/views/default/viewLogin.html: 0
[2015-11-21 11:09:28] EDIT DrawApp/views/default/viewLogin.html: 0
[2015-11-21 11:10:51] EDIT DrawApp/views/default/myImages.html: -3
[2015-11-21 11:11:10] EDIT DrawApp/views/default/myImages.html: -3
[2015-11-21 11:11:18] EDIT DrawApp/views/default/myImages.html: 0
[2015-11-21 11:11:59] EDIT DrawApp/views/default/viewNotlogin.html: 2
[2015-11-21 11:12:24] EDIT DrawApp/views/default/viewLogin.html: 2
[2015-11-21 11:13:17] EDIT DrawApp/views/default/viewLogin.html: 0
[2015-11-21 11:13:51] EDIT DrawApp/views/default/viewLogin.html: 0
[2015-11-21 11:13:57] EDIT DrawApp/views/default/viewLogin.html: 0
[2015-11-21 11:13:57] EDIT DrawApp/views/default/viewLogin.html: 0
[2015-11-21 11:14:35] EDIT DrawApp/views/default/viewLogin.html: 2
[2015-11-21 11:14:37] EDIT DrawApp/views/default/viewLogin.html: 0
[2015-11-21 11:15:56] EDIT DrawApp/views/default/viewNotlogin.html: 1
[2015-11-21 11:16:03] EDIT DrawApp/views/default/myImages.html: 1
[2015-11-21 11:16:09] EDIT DrawApp/views/default/index.html: 1
[2015-11-21 11:16:11] EDIT DrawApp/views/default/index.html: 0
[2015-11-21 11:35:51] EDIT DrawApp/views/default/viewNotlogin.html: 0
[2015-11-21 11:36:05] EDIT DrawApp/views/default/index.html: 0
[2015-11-21 11:40:13] EDIT DrawApp/views/default/uploadImages.html: 14
[2015-11-21 11:40:14] EDIT DrawApp/views/default/uploadImages.html: 0
[2015-11-21 11:42:40] EDIT DrawApp/controllers/default.py: 2
[2015-11-21 11:42:51] EDIT DrawApp/controllers/default.py: 0
[2015-11-21 11:44:57] EDIT DrawApp/controllers/default.py: 12
[2015-11-21 11:45:02] EDIT DrawApp/controllers/default.py: -2
[2015-11-21 11:46:11] EDIT DrawApp/controllers/default.py: 0
[2015-11-21 11:46:28] EDIT DrawApp/views/default/viewLogin.html: 1
[2015-11-21 11:48:12] EDIT DrawApp/controllers/default.py: 0
[2015-11-21 11:48:51] EDIT DrawApp/controllers/default.py: 2
[2015-11-21 11:49:23] EDIT DrawApp/controllers/default.py: 0
[2015-11-21 11:49:50] EDIT DrawApp/views/default/viewLogin.html: 0
[2015-11-21 11:50:42] EDIT DrawApp/views/default/viewLogin.html: 11
[2015-11-21 11:50:56] EDIT DrawApp/views/default/viewNotlogin.html: 0
[2015-11-21 11:51:06] EDIT DrawApp/views/default/viewNotlogin.html: 0
[2015-11-21 11:52:16] EDIT DrawApp/views/default/index.html: -1
[2015-11-21 12:00:46] CREATE default/drawNewImage.html: 0
[2015-11-21 12:00:59] EDIT DrawApp/views/default/drawNewImage.html: -2
[2015-11-21 12:02:09] EDIT DrawApp/views/default/drawNewImage.html: 1
[2015-11-21 12:02:47] EDIT DrawApp/views/default/drawNewImage.html: 2
[2015-11-21 12:03:15] CREATE js/drawimage.js: 0
[2015-11-21 12:04:29] EDIT DrawApp/views/default/drawNewImage.html: 13
[2015-11-21 12:05:21] EDIT DrawApp/views/default/drawNewImage.html: 0
[2015-11-21 12:06:09] EDIT DrawApp/views/default/drawNewImage.html: 0
[2015-11-21 12:06:38] EDIT DrawApp/views/default/drawNewImage.html: 0
[2015-11-21 12:07:39] EDIT DrawApp/views/default/drawNewImage.html: 0
[2015-11-21 12:09:06] EDIT DrawApp/views/default/drawNewImage.html: 0
[2015-11-21 12:09:16] EDIT DrawApp/static/js/drawimage.js: 8
[2015-11-21 12:09:35] EDIT DrawApp/views/default/drawNewImage.html: 0
[2015-11-21 12:09:50] EDIT DrawApp/views/default/drawNewImage.html: 0
[2015-11-21 12:10:02] EDIT DrawApp/static/js/drawimage.js: 0
[2015-11-21 12:14:28] EDIT DrawApp/views/default/drawNewImage.html: 10
[2015-11-21 12:16:10] EDIT DrawApp/views/default/drawNewImage.html: 13
[2015-11-21 12:17:06] EDIT DrawApp/views/default/drawNewImage.html: 4
[2015-11-21 12:17:42] EDIT DrawApp/views/default/drawNewImage.html: 0
[2015-11-21 12:18:10] EDIT DrawApp/views/default/drawNewImage.html: 0
[2015-11-21 12:18:36] EDIT DrawApp/static/js/drawimage.js: -1
[2015-11-21 12:19:15] EDIT DrawApp/static/js/drawimage.js: 0
[2015-11-21 12:19:43] EDIT DrawApp/static/js/drawimage.js: 0
[2015-11-21 12:20:00] EDIT DrawApp/static/js/drawimage.js: 0
[2015-11-21 12:20:17] EDIT DrawApp/static/js/drawimage.js: 0
[2015-11-21 12:20:22] EDIT DrawApp/static/js/drawimage.js: 0
[2015-11-21 12:20:38] EDIT DrawApp/static/js/drawimage.js: 0
[2015-11-21 12:20:51] EDIT DrawApp/static/js/drawimage.js: 0
[2015-11-21 12:21:38] EDIT DrawApp/views/default/drawNewImage.html: 0
[2015-11-21 12:22:40] EDIT DrawApp/views/default/drawNewImage.html: -2
[2015-11-21 12:22:57] EDIT DrawApp/views/default/drawNewImage.html: 0
[2015-11-21 12:24:36] EDIT DrawApp/views/default/drawNewImage.html: 0
[2015-11-21 12:24:59] EDIT DrawApp/views/default/drawNewImage.html: 0
[2015-11-21 12:29:21] EDIT DrawApp/views/default/index.html: 0
[2015-11-21 12:37:26] EDIT DrawApp/controllers/default.py: 0
[2015-11-21 12:39:33] EDIT DrawApp/controllers/default.py: 0
[2015-11-21 12:40:30] EDIT DrawApp/views/default/myImages.html: 0
[2015-11-21 13:32:01] EDIT DrawApp/views/default/drawNewImage.html: 1
[2015-11-21 13:33:10] EDIT DrawApp/views/default/drawNewImage.html: -4
[2015-11-21 13:35:28] EDIT DrawApp/views/default/drawNewImage.html: 6
[2015-11-21 13:39:32] EDIT DrawApp/views/default/drawNewImage.html: -15
[2015-11-21 13:44:43] EDIT DrawApp/views/default/drawNewImage.html: -3
[2015-11-21 13:48:36] EDIT DrawApp/views/default/drawNewImage.html: 0
[2015-11-21 13:48:51] EDIT DrawApp/views/default/drawNewImage.html: 0
[2015-11-21 13:49:09] EDIT DrawApp/views/default/drawNewImage.html: 0
[2015-11-21 13:49:44] EDIT DrawApp/views/default/drawNewImage.html: 0
[2015-11-21 13:50:01] EDIT DrawApp/views/default/drawNewImage.html: 0
[2015-11-21 13:53:19] EDIT DrawApp/views/default/drawNewImage.html: 28
[2015-11-21 13:55:11] EDIT DrawApp/views/default/drawNewImage.html: 0
[2015-11-21 13:57:18] EDIT DrawApp/views/default/drawNewImage.html: 0
[2015-11-21 13:58:14] EDIT DrawApp/views/default/drawNewImage.html: 0
[2015-11-21 13:58:34] EDIT DrawApp/views/default/drawNewImage.html: 0
[2015-11-21 13:59:18] EDIT DrawApp/controllers/default.py: 0
[2015-11-21 14:00:26] EDIT DrawApp/static/js/drawimage.js: 0
[2015-11-21 14:00:34] EDIT DrawApp/static/js/drawimage.js: 0
[2015-11-21 14:02:08] EDIT DrawApp/static/js/drawimage.js: 1
[2015-11-21 14:02:40] EDIT DrawApp/static/js/drawimage.js: 0
[2015-11-21 14:02:41] EDIT DrawApp/static/js/drawimage.js: 0
[2015-11-21 14:02:41] EDIT DrawApp/static/js/drawimage.js: 0
[2015-11-21 14:03:39] EDIT DrawApp/static/js/drawimage.js: 1
[2015-11-21 14:05:08] EDIT DrawApp/views/default/drawNewImage.html: 0
[2015-11-21 14:05:13] EDIT DrawApp/static/js/drawimage.js: 0
[2015-11-21 14:14:14] EDIT DrawApp/views/default/drawNewImage.html: 0
[2015-11-21 14:14:15] EDIT DrawApp/views/default/drawNewImage.html: 0
[2015-11-21 14:14:25] EDIT DrawApp/static/js/drawimage.js: 0
[2015-11-21 14:14:27] EDIT DrawApp/views/default/drawNewImage.html: 0
[2015-11-21 14:15:20] EDIT DrawApp/views/default/drawNewImage.html: 0
[2015-11-21 14:15:34] EDIT DrawApp/views/default/drawNewImage.html: 0
[2015-11-21 14:15:50] EDIT DrawApp/views/default/drawNewImage.html: 0
[2015-11-21 14:15:57] EDIT DrawApp/views/default/drawNewImage.html: 0
[2015-11-21 14:16:04] EDIT DrawApp/views/default/drawNewImage.html: 0
[2015-11-21 14:16:39] EDIT DrawApp/static/js/drawimage.js: 0
[2015-11-21 14:16:39] EDIT DrawApp/static/js/drawimage.js: 0
[2015-11-21 14:17:56] EDIT DrawApp/views/default/drawNewImage.html: 0
[2015-11-21 14:18:05] EDIT DrawApp/views/default/drawNewImage.html: 0
[2015-11-21 14:18:52] EDIT DrawApp/views/default/drawNewImage.html: 0
[2015-11-21 14:18:58] EDIT DrawApp/static/js/drawimage.js: 0
[2015-11-21 14:19:07] EDIT DrawApp/static/js/drawimage.js: 0
[2015-11-21 14:21:52] EDIT DrawApp/views/default/drawNewImage.html: -14
[2015-11-21 14:21:53] EDIT DrawApp/views/default/drawNewImage.html: 0
[2015-11-21 14:49:09] EDIT DrawApp/controllers/default.py: 0
[2015-11-21 14:49:11] EDIT DrawApp/controllers/default.py: 0
[2015-11-21 14:49:11] EDIT DrawApp/controllers/default.py: 0
[2015-11-21 14:49:12] EDIT DrawApp/controllers/default.py: 0
[2015-11-21 14:49:13] EDIT DrawApp/controllers/default.py: 0
[2015-11-21 14:49:16] EDIT DrawApp/controllers/default.py: 0
[2015-11-21 16:15:08] EDIT DrawApp/static/js/drawimage.js: 0
[2015-11-21 16:15:10] EDIT DrawApp/views/default/drawNewImage.html: 0
[2015-11-21 16:19:06] EDIT DrawApp/static/js/drawimage.js: 1
[2015-11-21 16:21:04] EDIT DrawApp/views/default/drawNewImage.html: 11
[2015-11-21 16:21:04] EDIT DrawApp/views/default/drawNewImage.html: 0
[2015-11-21 16:21:05] EDIT DrawApp/views/default/drawNewImage.html: 0
[2015-11-21 16:21:05] EDIT DrawApp/views/default/drawNewImage.html: 0
[2015-11-21 16:21:06] EDIT DrawApp/views/default/drawNewImage.html: 0
[2015-11-21 16:21:06] EDIT DrawApp/views/default/drawNewImage.html: 0
[2015-11-21 16:21:06] EDIT DrawApp/views/default/drawNewImage.html: 0
[2015-11-21 16:21:27] EDIT DrawApp/views/default/drawNewImage.html: 0
[2015-11-21 16:23:00] EDIT DrawApp/views/default/drawNewImage.html: 0
[2015-11-21 16:23:00] EDIT DrawApp/views/default/drawNewImage.html: 0
[2015-11-21 16:23:02] EDIT DrawApp/static/js/drawimage.js: 0
[2015-11-21 16:23:05] EDIT DrawApp/controllers/default.py: 0
[2015-11-21 16:26:13] EDIT DrawApp/views/default/drawNewImage.html: 4
[2015-11-21 16:27:45] EDIT DrawApp/views/default/drawNewImage.html: 0
[2015-11-21 16:28:11] EDIT DrawApp/views/default/drawNewImage.html: 0
[2015-11-21 16:28:12] EDIT DrawApp/views/default/drawNewImage.html: 0
[2015-11-21 16:28:12] EDIT DrawApp/views/default/drawNewImage.html: 0
[2015-11-21 16:28:13] EDIT DrawApp/views/default/drawNewImage.html: 0
[2015-11-21 16:30:22] EDIT DrawApp/views/default/drawNewImage.html: 1
[2015-11-21 16:30:24] EDIT DrawApp/views/default/drawNewImage.html: 0
[2015-11-21 16:30:50] EDIT DrawApp/views/default/drawNewImage.html: 0
[2015-11-21 16:30:51] EDIT DrawApp/views/default/drawNewImage.html: 0
[2015-11-21 16:31:28] EDIT DrawApp/views/default/drawNewImage.html: -1
[2015-11-21 16:33:00] EDIT DrawApp/views/default/drawNewImage.html: -12
[2015-11-21 16:33:36] EDIT DrawApp/static/js/drawimage.js: 11
[2015-11-21 16:34:54] EDIT DrawApp/views/default/drawNewImage.html: 1
[2015-11-21 16:34:54] EDIT DrawApp/views/default/drawNewImage.html: 0
[2015-11-21 16:34:55] EDIT DrawApp/views/default/drawNewImage.html: 0
[2015-11-21 16:36:09] EDIT DrawApp/static/js/drawimage.js: 0
[2015-11-21 16:36:11] EDIT DrawApp/static/js/drawimage.js: 0
[2015-11-21 16:38:58] DELETE DrawApp/static/js/drawimage.js: -21
[2015-11-21 16:39:47] CREATE js/newImage.js: 0
[2015-11-21 16:41:06] EDIT DrawApp/static/js/newImage.js: 21
[2015-11-21 16:41:43] EDIT DrawApp/views/default/drawNewImage.html: 0
[2015-11-21 16:42:44] EDIT DrawApp/static/js/newImage.js: -1
[2015-11-21 16:43:55] EDIT DrawApp/views/default/drawNewImage.html: 10
[2015-11-21 16:44:39] EDIT DrawApp/views/default/drawNewImage.html: 0
[2015-11-21 16:44:40] EDIT DrawApp/views/default/drawNewImage.html: 0
[2015-11-21 16:45:36] EDIT DrawApp/static/js/newImage.js: 0
[2015-11-21 16:46:36] EDIT DrawApp/static/js/newImage.js: 0
[2015-11-21 16:48:42] EDIT DrawApp/views/default/drawNewImage.html: 0
[2015-11-21 16:54:05] EDIT DrawApp/views/default/drawNewImage.html: 1
[2015-11-21 16:54:05] EDIT DrawApp/views/default/drawNewImage.html: 0
[2015-11-21 16:55:08] EDIT DrawApp/views/default/drawNewImage.html: 0
[2015-11-21 16:55:09] EDIT DrawApp/views/default/drawNewImage.html: 0
[2015-11-21 16:58:38] EDIT DrawApp/static/js/newImage.js: -4
[2015-11-21 16:58:57] EDIT DrawApp/static/js/newImage.js: 0
[2015-11-21 17:05:16] EDIT DrawApp/views/default/viewNotlogin.html: 0
[2015-11-21 17:05:17] EDIT DrawApp/views/default/viewNotlogin.html: 0
[2015-11-21 17:05:48] EDIT DrawApp/views/default/viewLogin.html: 0
[2015-11-21 17:07:25] EDIT DrawApp/views/default/viewLogin.html: 0
[2015-11-21 17:07:45] EDIT DrawApp/views/default/viewNotlogin.html: 0
[2015-11-21 17:07:46] EDIT DrawApp/views/default/viewNotlogin.html: 0
[2015-11-21 17:12:10] CREATE default/editImage.html: 0
[2015-11-21 17:12:44] EDIT DrawApp/views/default/editImage.html: 14
[2015-11-21 17:13:00] EDIT DrawApp/views/default/editImage.html: 0
[2015-11-21 17:13:03] EDIT DrawApp/views/default/editImage.html: 0
[2015-11-21 17:13:04] EDIT DrawApp/views/default/editImage.html: 0
[2015-11-21 17:16:04] EDIT DrawApp/views/default/editImage.html: 45
[2015-11-21 17:16:50] EDIT DrawApp/views/default/editImage.html: 0
[2015-11-21 17:23:09] EDIT DrawApp/controllers/default.py: 12
[2015-11-21 17:23:42] EDIT DrawApp/controllers/default.py: 0
[2015-11-21 17:31:12] EDIT DrawApp/views/default/editImage.html: 1
[2015-11-21 17:31:22] EDIT DrawApp/views/default/editImage.html: 0
[2015-11-21 17:32:18] EDIT DrawApp/views/default/editImage.html: 0
[2015-11-21 17:32:35] EDIT DrawApp/views/default/editImage.html: 0
[2015-11-21 17:34:24] EDIT DrawApp/controllers/default.py: 3
[2015-11-21 17:35:28] EDIT DrawApp/controllers/default.py: 1
[2015-11-21 17:35:29] EDIT DrawApp/controllers/default.py: 0
[2015-11-21 17:35:30] EDIT DrawApp/controllers/default.py: 0
[2015-11-21 17:37:15] EDIT DrawApp/static/js/newImage.js: 1
[2015-11-21 17:38:47] EDIT DrawApp/static/js/newImage.js: 0
[2015-11-21 17:39:05] EDIT DrawApp/static/js/newImage.js: 0
[2015-11-21 17:39:06] EDIT DrawApp/static/js/newImage.js: 0
[2015-11-21 17:39:07] EDIT DrawApp/static/js/newImage.js: 0
[2015-11-21 17:39:07] EDIT DrawApp/static/js/newImage.js: 0
[2015-11-21 17:39:07] EDIT DrawApp/static/js/newImage.js: 0
[2015-11-21 17:39:09] EDIT DrawApp/static/js/newImage.js: 0
[2015-11-21 17:39:38] EDIT DrawApp/static/js/newImage.js: 0
[2015-11-21 17:39:40] EDIT DrawApp/controllers/default.py: 0
[2015-11-21 17:39:41] EDIT DrawApp/controllers/default.py: 0
[2015-11-21 17:39:44] EDIT DrawApp/views/default/drawNewImage.html: 0
[2015-11-21 17:39:46] EDIT DrawApp/views/default/drawNewImage.html: 0
[2015-11-21 17:39:48] EDIT DrawApp/views/default/editImage.html: 0
[2015-11-21 17:52:34] EDIT DrawApp/controllers/default.py: -2
[2015-11-21 17:53:00] EDIT DrawApp/views/default/editImage.html: 0
[2015-11-21 17:53:01] EDIT DrawApp/views/default/editImage.html: 0
[2015-11-21 17:53:11] EDIT DrawApp/controllers/default.py: 0
[2015-11-21 18:09:08] CREATE js/editImage.js: 0
[2015-11-21 18:10:21] EDIT DrawApp/views/default/editImage.html: 0
[2015-11-21 18:10:34] EDIT DrawApp/static/js/editImage.js: 7
[2015-11-21 18:10:35] EDIT DrawApp/static/js/editImage.js: 0
[2015-11-21 18:11:45] EDIT DrawApp/static/js/newImage.js: -1
[2015-11-21 18:11:46] EDIT DrawApp/static/js/newImage.js: 0
[2015-11-21 18:11:51] EDIT DrawApp/static/js/editImage.js: 0
[2015-11-21 18:11:58] EDIT DrawApp/views/default/editImage.html: 0
[2015-11-21 18:12:11] EDIT DrawApp/static/js/editImage.js: 0
[2015-11-21 18:12:17] EDIT DrawApp/views/default/editImage.html: 0
[2015-11-21 18:13:01] EDIT DrawApp/views/default/editImage.html: 0
[2015-11-21 18:13:03] EDIT DrawApp/views/default/editImage.html: 0
[2015-11-21 18:14:10] EDIT DrawApp/static/js/viewimage.js: 1
[2015-11-21 18:15:02] EDIT DrawApp/static/js/viewimage.js: 0
[2015-11-21 18:18:19] EDIT DrawApp/views/default/editImage.html: 0
[2015-11-21 18:18:20] EDIT DrawApp/views/default/editImage.html: 0
[2015-11-21 18:18:31] EDIT DrawApp/static/js/editImage.js: 0
[2015-11-21 18:18:32] EDIT DrawApp/static/js/editImage.js: 0
[2015-11-21 18:25:37] EDIT DrawApp/views/default/editImage.html: 0
[2015-11-21 18:29:07] EDIT DrawApp/static/js/viewimage.js: 0
[2015-11-21 18:29:08] EDIT DrawApp/static/js/viewimage.js: 0
[2015-11-21 18:29:09] EDIT DrawApp/static/js/viewimage.js: 0
[2015-11-21 18:29:11] EDIT DrawApp/views/default/editImage.html: 0
[2015-11-21 18:29:14] EDIT DrawApp/static/js/newImage.js: 0
[2015-11-21 18:29:16] EDIT DrawApp/models/dbTables.py: 0
[2015-11-21 18:30:12] EDIT DrawApp/controllers/default.py: 1
[2015-11-21 18:30:20] EDIT DrawApp/controllers/default.py: 1
[2015-11-21 18:30:25] EDIT DrawApp/controllers/default.py: 0
[2015-11-21 18:34:28] EDIT DrawApp/static/js/viewimage.js: 0
[2015-11-21 18:40:27] EDIT DrawApp/static/js/editImage.js: 0
[2015-11-21 18:40:39] EDIT DrawApp/static/js/viewimage.js: 0
[2015-11-21 18:40:49] EDIT DrawApp/static/js/viewimage.js: 0
[2015-11-21 18:40:56] EDIT DrawApp/static/js/viewimage.js: 0
[2015-11-21 18:40:57] EDIT DrawApp/static/js/viewimage.js: 0
[2015-11-21 18:40:57] EDIT DrawApp/static/js/viewimage.js: 0
[2015-11-21 18:40:57] EDIT DrawApp/static/js/viewimage.js: 0
[2015-11-21 18:48:00] EDIT DrawApp/views/default/editImage.html: 8
[2015-11-21 18:48:01] EDIT DrawApp/views/default/editImage.html: 0
[2015-11-21 18:48:27] EDIT DrawApp/static/js/viewimage.js: 0
[2015-11-21 18:48:30] EDIT DrawApp/views/default/editImage.html: 0
[2015-11-21 18:48:31] EDIT DrawApp/views/default/editImage.html: 0
[2015-11-21 18:50:33] EDIT DrawApp/views/default/editImage.html: 0
[2015-11-21 18:50:39] EDIT DrawApp/views/default/editImage.html: 0
[2015-11-21 18:52:12] EDIT DrawApp/static/js/viewimage.js: 0
[2015-11-21 18:52:42] EDIT DrawApp/views/default/editImage.html: -8
[2015-11-21 18:53:07] EDIT DrawApp/static/js/viewimage.js: -1
[2015-11-21 18:55:00] EDIT DrawApp/static/js/editImage.js: 0
[2015-11-21 18:56:36] EDIT DrawApp/views/default/editImage.html: 0
[2015-11-21 18:57:12] EDIT DrawApp/views/default/editImage.html: 0
[2015-11-21 18:57:33] EDIT DrawApp/static/js/editImage.js: 0
[2015-11-21 18:57:56] EDIT DrawApp/static/js/editImage.js: 0
[2015-11-21 18:59:55] EDIT DrawApp/static/js/viewimage.js: 0
[2015-11-21 18:59:55] EDIT DrawApp/static/js/viewimage.js: 0
[2015-11-21 19:00:00] EDIT DrawApp/static/js/editImage.js: 0
[2015-11-21 19:00:02] EDIT DrawApp/views/default/editImage.html: 0
[2015-11-21 19:08:31] EDIT DrawApp/views/default/editImage.html: 1
[2015-11-21 19:08:32] EDIT DrawApp/views/default/editImage.html: 0
[2015-11-21 19:08:33] EDIT DrawApp/views/default/editImage.html: 0
[2015-11-21 19:08:35] EDIT DrawApp/static/js/viewimage.js: 0
[2015-11-21 19:08:36] EDIT DrawApp/static/js/viewimage.js: 0
[2015-11-21 19:08:37] EDIT DrawApp/static/js/viewimage.js: 0
[2015-11-21 19:08:37] EDIT DrawApp/static/js/viewimage.js: 0
[2015-11-21 19:08:38] EDIT DrawApp/static/js/viewimage.js: 0
[2015-11-21 19:08:38] EDIT DrawApp/static/js/viewimage.js: 0
[2015-11-21 19:08:39] EDIT DrawApp/static/js/viewimage.js: 0
[2015-11-21 19:08:40] EDIT DrawApp/static/js/viewimage.js: 0
[2015-11-21 19:08:40] EDIT DrawApp/static/js/viewimage.js: 0
[2015-11-21 19:08:40] EDIT DrawApp/static/js/viewimage.js: 0
[2015-11-21 19:08:40] EDIT DrawApp/static/js/viewimage.js: 0
[2015-11-21 19:09:32] DELETE DrawApp/static/js/viewimage.js.bak: -6
[2015-11-21 19:09:41] DELETE DrawApp/static/js/viewimage.js: -6
[2015-11-21 19:09:54] CREATE js/viewImage.js: 0
[2015-11-21 19:10:15] EDIT DrawApp/static/js/viewImage.js: 6
[2015-11-21 19:10:21] EDIT DrawApp/views/default/editImage.html: 0
[2015-11-21 19:10:33] EDIT DrawApp/views/default/editImage.html: 0
[2015-11-21 19:10:35] EDIT DrawApp/static/js/viewImage.js: 0
[2015-11-21 19:12:47] EDIT DrawApp/static/js/viewImage.js: 1
[2015-11-21 19:12:48] EDIT DrawApp/static/js/viewImage.js: 0
[2015-11-21 19:15:18] EDIT DrawApp/views/default/editImage.html: 0
[2015-11-21 19:15:19] EDIT DrawApp/views/default/editImage.html: 0
[2015-11-21 19:15:19] EDIT DrawApp/views/default/editImage.html: 0
[2015-11-21 19:15:20] EDIT DrawApp/views/default/editImage.html: 0
[2015-11-21 19:16:41] EDIT DrawApp/views/default/editImage.html: 0
[2015-11-21 19:17:38] EDIT DrawApp/static/js/viewImage.js: 0
[2015-11-21 19:17:39] EDIT DrawApp/static/js/viewImage.js: 0
[2015-11-21 19:18:09] EDIT DrawApp/static/js/editImage.js: 0
[2015-11-21 19:18:10] EDIT DrawApp/static/js/editImage.js: 0
[2015-11-21 19:18:10] EDIT DrawApp/static/js/editImage.js: 0
[2015-11-21 19:20:10] EDIT DrawApp/static/js/viewImage.js: 0
[2015-11-21 19:20:11] EDIT DrawApp/static/js/viewImage.js: 0
[2015-11-21 19:21:41] EDIT DrawApp/static/js/viewImage.js: 0
[2015-11-21 19:22:18] EDIT DrawApp/views/default/editImage.html: 0
[2015-11-21 19:22:30] EDIT DrawApp/views/default/editImage.html: -1
[2015-11-21 19:22:31] EDIT DrawApp/views/default/editImage.html: 0
[2015-11-21 19:22:32] EDIT DrawApp/views/default/editImage.html: 0
[2015-11-21 19:22:33] EDIT DrawApp/views/default/editImage.html: 0
[2015-11-21 19:23:34] EDIT DrawApp/views/default/editImage.html: 8
[2015-11-21 19:23:34] EDIT DrawApp/views/default/editImage.html: 0
[2015-11-21 19:23:35] EDIT DrawApp/views/default/editImage.html: 0
[2015-11-21 19:24:00] EDIT DrawApp/views/default/editImage.html: 0
[2015-11-21 19:24:00] EDIT DrawApp/views/default/editImage.html: 0
[2015-11-21 19:24:00] EDIT DrawApp/views/default/editImage.html: 0
[2015-11-21 19:24:01] EDIT DrawApp/views/default/editImage.html: 0
[2015-11-21 19:24:01] EDIT DrawApp/views/default/editImage.html: 0
[2015-11-21 19:24:01] EDIT DrawApp/views/default/editImage.html: 0
[2015-11-21 19:24:01] EDIT DrawApp/views/default/editImage.html: 0
[2015-11-21 19:24:02] EDIT DrawApp/views/default/editImage.html: 0
[2015-11-21 19:24:02] EDIT DrawApp/views/default/editImage.html: 0
[2015-11-21 19:24:02] EDIT DrawApp/views/default/editImage.html: 0
[2015-11-21 19:24:02] EDIT DrawApp/views/default/editImage.html: 0
[2015-11-21 19:24:02] EDIT DrawApp/views/default/editImage.html: 0
[2015-11-21 19:24:03] EDIT DrawApp/views/default/editImage.html: 0
[2015-11-21 19:24:03] EDIT DrawApp/views/default/editImage.html: 0
[2015-11-21 19:31:18] EDIT DrawApp/static/js/viewImage.js: 0
[2015-11-21 19:32:07] EDIT DrawApp/static/js/viewImage.js: 0
[2015-11-21 19:39:28] EDIT DrawApp/controllers/default.py: -10
[2015-11-21 19:39:30] EDIT DrawApp/controllers/default.py: 0
[2015-11-21 19:39:30] EDIT DrawApp/controllers/default.py: 0
[2015-11-21 19:39:47] EDIT DrawApp/controllers/default.py: 0
[2015-11-21 19:41:31] EDIT DrawApp/views/default/editImage.html: 0
[2015-11-21 19:41:32] EDIT DrawApp/views/default/editImage.html: 0
[2015-11-21 19:41:33] EDIT DrawApp/views/default/editImage.html: 0
[2015-11-21 19:41:33] EDIT DrawApp/views/default/editImage.html: 0
[2015-11-21 19:41:33] EDIT DrawApp/views/default/editImage.html: 0
[2015-11-21 19:41:33] EDIT DrawApp/views/default/editImage.html: 0
[2015-11-21 19:41:34] EDIT DrawApp/views/default/editImage.html: 0
[2015-11-21 19:41:34] EDIT DrawApp/views/default/editImage.html: 0
[2015-11-21 19:41:34] EDIT DrawApp/views/default/editImage.html: 0
[2015-11-21 19:41:34] EDIT DrawApp/views/default/editImage.html: 0
[2015-11-21 19:41:35] EDIT DrawApp/views/default/editImage.html: 0
[2015-11-21 19:41:35] EDIT DrawApp/views/default/editImage.html: 0
[2015-11-21 19:42:34] EDIT DrawApp/views/default/editImage.html: 0
[2015-11-21 19:43:08] EDIT DrawApp/views/default/editImage.html: 0
[2015-11-21 19:43:09] EDIT DrawApp/views/default/editImage.html: 0
[2015-11-21 20:29:10] EDIT DrawApp/views/default/editImage.html: -9
[2015-11-21 20:29:36] EDIT DrawApp/views/default/editImage.html: 1
[2015-11-21 20:29:44] EDIT DrawApp/views/default/editImage.html: 0
[2015-11-21 20:33:35] DELETE DrawApp/static/js/viewImage.js.bak: -7
[2015-11-21 20:33:44] DELETE DrawApp/static/js/editImage.js.bak: -7
[2015-11-21 20:36:34] EDIT DrawApp/static/js/editImage.js: 7
[2015-11-21 20:37:00] EDIT DrawApp/views/default/editImage.html: -1
[2015-11-21 20:37:01] EDIT DrawApp/views/default/editImage.html: 0
[2015-11-21 20:37:09] EDIT DrawApp/static/js/editImage.js: 0
[2015-11-21 20:42:07] EDIT DrawApp/views/default/editImage.html: 0
[2015-11-21 20:44:39] EDIT DrawApp/views/default/drawNewImage.html: 0
[2015-11-21 20:44:59] EDIT DrawApp/views/default/editImage.html: 0
[2015-11-21 20:45:13] EDIT DrawApp/views/default/editImage.html: 0
[2015-11-21 20:46:52] EDIT DrawApp/controllers/default.py: 0
[2015-11-21 20:46:56] EDIT DrawApp/controllers/default.py: 0
[2015-11-21 20:48:46] CREATE js/draw.js: 0
[2015-11-21 20:49:28] EDIT DrawApp/static/js/newImage.js: -10
[2015-11-21 20:49:32] EDIT DrawApp/static/js/draw.js: 10
[2015-11-21 20:49:33] EDIT DrawApp/static/js/draw.js: 0
[2015-11-21 20:50:00] EDIT DrawApp/static/js/draw.js: 0
[2015-11-21 20:51:04] EDIT DrawApp/views/default/editImage.html: 1
[2015-11-21 20:51:05] EDIT DrawApp/views/default/editImage.html: 0
[2015-11-21 20:51:37] EDIT DrawApp/static/js/draw.js: 1
[2015-11-21 20:51:38] EDIT DrawApp/static/js/draw.js: 0
[2015-11-21 20:51:38] EDIT DrawApp/static/js/draw.js: 0
[2015-11-21 20:51:39] EDIT DrawApp/static/js/draw.js: 0
[2015-11-21 20:51:39] EDIT DrawApp/static/js/draw.js: 0
[2015-11-21 20:51:52] EDIT DrawApp/views/default/editImage.html: 0
[2015-11-21 20:51:52] EDIT DrawApp/views/default/editImage.html: 0
[2015-11-21 20:51:53] EDIT DrawApp/views/default/editImage.html: 0
[2015-11-21 20:51:53] EDIT DrawApp/views/default/editImage.html: 0
[2015-11-21 20:51:55] EDIT DrawApp/static/js/draw.js: 0
[2015-11-21 20:51:57] EDIT DrawApp/static/js/newImage.js: 0
[2015-11-21 20:52:19] EDIT DrawApp/views/default/editImage.html: 0
[2015-11-21 20:52:51] EDIT DrawApp/views/default/drawNewImage.html: 1
[2015-11-21 20:52:57] EDIT DrawApp/views/default/drawNewImage.html: 0
[2015-11-21 20:52:58] EDIT DrawApp/views/default/drawNewImage.html: 0
[2015-11-21 20:53:51] EDIT DrawApp/controllers/default.py: 0
[2015-11-21 20:53:52] EDIT DrawApp/controllers/default.py: 0
[2015-11-21 20:53:53] EDIT DrawApp/controllers/default.py: 0
[2015-11-21 20:54:53] EDIT DrawApp/controllers/default.py: 0
[2015-11-21 20:55:39] EDIT DrawApp/controllers/default.py: 10
[2015-11-21 20:55:49] EDIT DrawApp/controllers/default.py: 0
[2015-11-21 20:56:00] EDIT DrawApp/views/default/editImage.html: -1
[2015-11-21 21:01:09] EDIT DrawApp/static/js/editImage.js: 0
[2015-11-21 21:02:31] EDIT DrawApp/static/js/newImage.js: 11
[2015-11-21 21:02:39] EDIT DrawApp/static/js/newImage.js: 0
[2015-11-21 21:02:40] EDIT DrawApp/static/js/newImage.js: 0
[2015-11-21 21:02:56] EDIT DrawApp/views/default/drawNewImage.html: -1
[2015-11-21 21:03:42] EDIT DrawApp/static/js/editImage.js: -7
[2015-11-21 21:04:17] EDIT DrawApp/views/default/editImage.html: 1
[2015-11-21 21:04:18] EDIT DrawApp/views/default/editImage.html: 0
[2015-11-21 21:07:29] EDIT DrawApp/static/js/editImage.js: 7
[2015-11-21 21:07:37] EDIT DrawApp/views/default/editImage.html: -1
[2015-11-21 21:08:00] EDIT DrawApp/static/js/viewImage.js: 0
[2015-11-21 21:08:01] EDIT DrawApp/static/js/viewImage.js: 0
[2015-11-21 21:08:01] EDIT DrawApp/static/js/viewImage.js: 0
[2015-11-21 21:08:01] EDIT DrawApp/static/js/viewImage.js: 0
[2015-11-21 21:08:18] EDIT DrawApp/views/default/editImage.html: 0
[2015-11-21 21:10:13] EDIT DrawApp/static/js/editImage.js: -7
[2015-11-21 21:10:13] EDIT DrawApp/static/js/editImage.js: 0
[2015-11-21 21:10:14] EDIT DrawApp/static/js/editImage.js: 0
[2015-11-21 21:10:14] EDIT DrawApp/static/js/editImage.js: 0
[2015-11-21 21:10:14] EDIT DrawApp/static/js/editImage.js: 0
[2015-11-21 21:10:14] EDIT DrawApp/static/js/editImage.js: 0
[2015-11-21 21:10:15] EDIT DrawApp/static/js/editImage.js: 0
[2015-11-21 21:10:15] EDIT DrawApp/static/js/editImage.js: 0
[2015-11-21 21:10:15] EDIT DrawApp/static/js/editImage.js: 0
[2015-11-21 21:10:15] EDIT DrawApp/static/js/editImage.js: 0
[2015-11-21 21:10:16] EDIT DrawApp/static/js/editImage.js: 0
[2015-11-21 21:10:16] EDIT DrawApp/static/js/editImage.js: 0
[2015-11-21 21:10:26] EDIT DrawApp/static/js/viewImage.js: 0
[2015-11-21 21:10:26] EDIT DrawApp/static/js/viewImage.js: 0
[2015-11-21 21:10:26] EDIT DrawApp/static/js/viewImage.js: 0
[2015-11-21 21:10:27] EDIT DrawApp/static/js/viewImage.js: 0
[2015-11-21 21:10:27] EDIT DrawApp/static/js/viewImage.js: 0
[2015-11-21 21:10:27] EDIT DrawApp/static/js/viewImage.js: 0
[2015-11-21 21:10:27] EDIT DrawApp/static/js/viewImage.js: 0
[2015-11-21 21:10:52] EDIT DrawApp/views/default/editImage.html: 1
[2015-11-21 21:10:52] EDIT DrawApp/views/default/editImage.html: 0
[2015-11-21 21:10:52] EDIT DrawApp/views/default/editImage.html: 0
[2015-11-21 21:10:53] EDIT DrawApp/views/default/editImage.html: 0
[2015-11-21 21:10:53] EDIT DrawApp/views/default/editImage.html: 0
[2015-11-21 21:10:53] EDIT DrawApp/views/default/editImage.html: 0
[2015-11-21 21:15:09] EDIT DrawApp/views/default/editImage.html: 0
[2015-11-21 21:15:10] EDIT DrawApp/views/default/editImage.html: 0
[2015-11-21 21:15:10] EDIT DrawApp/views/default/editImage.html: 0
[2015-11-21 21:15:10] EDIT DrawApp/views/default/editImage.html: 0
[2015-11-21 21:15:10] EDIT DrawApp/views/default/editImage.html: 0
[2015-11-21 21:15:11] EDIT DrawApp/views/default/editImage.html: 0
[2015-11-21 21:21:20] EDIT DrawApp/controllers/default.py: 0
[2015-11-21 21:22:18] EDIT DrawApp/views/default/editImage.html: 0
[2015-11-21 21:27:04] EDIT DrawApp/views/default/editImage.html: 0
[2015-11-21 21:27:06] EDIT DrawApp/views/default/editImage.html: 0
[2015-11-21 21:34:14] EDIT DrawApp/static/js/viewImage.js: 0
[2015-11-21 21:38:44] EDIT DrawApp/static/js/viewImage.js: 0
[2015-11-21 21:38:45] EDIT DrawApp/static/js/viewImage.js: 0
[2015-11-21 21:38:45] EDIT DrawApp/static/js/viewImage.js: 0
[2015-11-21 21:39:14] EDIT DrawApp/static/js/viewImage.js: 2
[2015-11-21 21:39:14] EDIT DrawApp/static/js/viewImage.js: 0
[2015-11-21 21:39:28] EDIT DrawApp/static/js/viewImage.js: 0
[2015-11-21 21:39:29] EDIT DrawApp/static/js/viewImage.js: 0
[2015-11-21 21:40:58] EDIT DrawApp/static/js/viewImage.js: 2
[2015-11-21 21:40:58] EDIT DrawApp/static/js/viewImage.js: 0
[2015-11-21 21:40:59] EDIT DrawApp/static/js/viewImage.js: 0
[2015-11-21 21:40:59] EDIT DrawApp/static/js/viewImage.js: 0
[2015-11-21 21:40:59] EDIT DrawApp/static/js/viewImage.js: 0
[2015-11-21 21:43:01] EDIT DrawApp/static/js/viewImage.js: 0
[2015-11-21 21:44:59] EDIT DrawApp/static/js/viewImage.js: 0
[2015-11-21 21:45:59] EDIT DrawApp/views/default/editImage.html: 0
[2015-11-21 21:46:00] EDIT DrawApp/views/default/editImage.html: 0
[2015-11-21 21:46:00] EDIT DrawApp/views/default/editImage.html: 0
[2015-11-21 21:46:00] EDIT DrawApp/views/default/editImage.html: 0
[2015-11-21 21:46:00] EDIT DrawApp/views/default/editImage.html: 0
[2015-11-21 21:48:45] EDIT DrawApp/static/js/viewImage.js: -4
[2015-11-21 21:48:46] EDIT DrawApp/static/js/viewImage.js: 0
[2015-11-21 21:48:58] EDIT DrawApp/views/default/editImage.html: 0
[2015-11-21 21:49:01] EDIT DrawApp/controllers/default.py: 0
[2015-11-21 21:49:03] EDIT DrawApp/static/js/viewImage.js: 0
[2015-11-21 21:50:21] EDIT DrawApp/views/default/editImage.html: 0
[2015-11-21 21:50:22] EDIT DrawApp/views/default/editImage.html: 0
[2015-11-21 21:50:42] EDIT DrawApp/views/default/editImage.html: 0
[2015-11-21 21:50:43] EDIT DrawApp/views/default/editImage.html: 0
[2015-11-21 21:50:43] EDIT DrawApp/views/default/editImage.html: 0
[2015-11-21 21:50:43] EDIT DrawApp/views/default/editImage.html: 0
[2015-11-21 21:50:48] EDIT DrawApp/views/default/editImage.html: 0
[2015-11-21 21:51:55] EDIT DrawApp/static/js/editImage.js: 7
[2015-11-21 21:52:15] EDIT DrawApp/views/default/editImage.html: -1
[2015-11-21 21:52:17] EDIT DrawApp/controllers/default.py: 0
[2015-11-21 21:52:19] EDIT DrawApp/static/js/viewImage.js: 0
[2015-11-21 21:52:21] EDIT DrawApp/views/default/drawNewImage.html: 0
[2015-11-21 21:52:23] EDIT DrawApp/static/js/editImage.js: 0
[2015-11-21 21:52:52] EDIT DrawApp/views/default/editImage.html: 0
[2015-11-21 21:55:01] EDIT DrawApp/views/default/editImage.html: 0
[2015-11-21 21:55:02] EDIT DrawApp/views/default/editImage.html: 0
[2015-11-21 21:55:02] EDIT DrawApp/views/default/editImage.html: 0
[2015-11-21 21:55:02] EDIT DrawApp/views/default/editImage.html: 0
[2015-11-21 21:55:03] EDIT DrawApp/views/default/editImage.html: 0
[2015-11-21 21:55:03] EDIT DrawApp/views/default/editImage.html: 0
[2015-11-21 21:55:03] EDIT DrawApp/views/default/editImage.html: 0
[2015-11-21 21:55:03] EDIT DrawApp/views/default/editImage.html: 0
[2015-11-21 21:55:35] EDIT DrawApp/views/default/editImage.html: 0
[2015-11-21 22:03:28] EDIT DrawApp/views/default/editImage.html: 0
[2015-11-21 22:09:12] EDIT DrawApp/views/default/editImage.html: 0
[2015-11-21 22:09:27] EDIT DrawApp/views/default/editImage.html: 0
[2015-11-21 22:09:28] EDIT DrawApp/views/default/editImage.html: 0
[2015-11-21 22:11:50] EDIT DrawApp/views/default/editImage.html: 0
[2015-11-21 22:12:20] EDIT DrawApp/views/default/editImage.html: 0
[2015-11-21 22:12:24] EDIT DrawApp/static/js/editImage.js: 1
[2015-11-21 22:12:25] EDIT DrawApp/static/js/editImage.js: 0
[2015-11-21 22:12:26] EDIT DrawApp/static/js/editImage.js: 0
[2015-11-21 22:12:26] EDIT DrawApp/static/js/editImage.js: 0
[2015-11-21 22:12:30] EDIT DrawApp/static/js/viewImage.js: 0
[2015-11-21 22:13:00] EDIT DrawApp/controllers/default.py: 0
[2015-11-21 22:13:04] EDIT DrawApp/views/default/editImage.html: 0
[2015-11-21 22:13:06] EDIT DrawApp/views/default/editImage.html: 0
[2015-11-21 22:14:07] EDIT DrawApp/views/default/editImage.html: 0
[2015-11-21 22:22:20] EDIT DrawApp/views/default/editImage.html: 0
[2015-11-21 22:22:21] EDIT DrawApp/views/default/editImage.html: 0
[2015-11-21 22:22:22] EDIT DrawApp/views/default/editImage.html: 0
[2015-11-21 22:22:23] EDIT DrawApp/views/default/editImage.html: 0
[2015-11-21 22:22:23] EDIT DrawApp/views/default/editImage.html: 0
[2015-11-21 22:22:23] EDIT DrawApp/views/default/editImage.html: 0
[2015-11-21 22:22:23] EDIT DrawApp/views/default/editImage.html: 0
[2015-11-21 22:22:24] EDIT DrawApp/views/default/editImage.html: 0
[2015-11-21 22:22:24] EDIT DrawApp/views/default/editImage.html: 0
[2015-11-21 22:22:24] EDIT DrawApp/views/default/editImage.html: 0
[2015-11-21 22:22:24] EDIT DrawApp/views/default/editImage.html: 0
[2015-11-21 22:22:24] EDIT DrawApp/views/default/editImage.html: 0
[2015-11-21 22:22:25] EDIT DrawApp/views/default/editImage.html: 0
[2015-11-21 22:22:25] EDIT DrawApp/views/default/editImage.html: 0
[2015-11-21 22:22:25] EDIT DrawApp/views/default/editImage.html: 0
[2015-11-21 22:25:03] EDIT DrawApp/views/default/editImage.html: 1
[2015-11-21 22:25:48] DELETE DrawApp/static/js/viewImage.js: -7
[2015-11-21 22:26:42] EDIT DrawApp/views/default/editImage.html: 0
[2015-11-21 22:29:25] EDIT DrawApp/static/js/draw.js: 6
[2015-11-21 22:30:03] EDIT DrawApp/views/default/drawNewImage.html: 1
[2015-11-21 22:30:04] EDIT DrawApp/views/default/drawNewImage.html: 0
[2015-11-21 22:30:04] EDIT DrawApp/views/default/drawNewImage.html: 0
[2015-11-21 22:30:04] EDIT DrawApp/views/default/drawNewImage.html: 0
[2015-11-21 22:30:04] EDIT DrawApp/views/default/drawNewImage.html: 0
[2015-11-21 22:30:05] EDIT DrawApp/views/default/drawNewImage.html: 0
[2015-11-21 22:31:28] EDIT DrawApp/static/js/newImage.js: -11
[2015-11-21 22:31:28] EDIT DrawApp/static/js/newImage.js: 0
[2015-11-21 22:31:28] EDIT DrawApp/static/js/newImage.js: 0
[2015-11-21 22:31:29] EDIT DrawApp/static/js/newImage.js: 0
[2015-11-21 22:31:29] EDIT DrawApp/static/js/newImage.js: 0
[2015-11-21 22:31:29] EDIT DrawApp/static/js/newImage.js: 0
[2015-11-21 22:31:29] EDIT DrawApp/static/js/newImage.js: 0
[2015-11-21 22:32:05] EDIT DrawApp/static/js/newImage.js: 0
[2015-11-21 22:32:05] EDIT DrawApp/static/js/newImage.js: 0
[2015-11-21 22:32:05] EDIT DrawApp/static/js/newImage.js: 0
[2015-11-21 22:32:06] EDIT DrawApp/static/js/newImage.js: 0
[2015-11-21 22:32:14] EDIT DrawApp/static/js/draw.js: 0
[2015-11-21 22:32:14] EDIT DrawApp/static/js/draw.js: 0
[2015-11-21 22:32:14] EDIT DrawApp/static/js/draw.js: 0
[2015-11-21 22:32:14] EDIT DrawApp/static/js/draw.js: 0
[2015-11-21 22:32:15] EDIT DrawApp/static/js/draw.js: 0
[2015-11-21 22:32:15] EDIT DrawApp/static/js/draw.js: 0
[2015-11-21 22:32:15] EDIT DrawApp/static/js/draw.js: 0
[2015-11-21 22:32:16] EDIT DrawApp/static/js/draw.js: 0
[2015-11-21 22:32:16] EDIT DrawApp/static/js/draw.js: 0
[2015-11-21 22:36:06] EDIT DrawApp/static/js/newImage.js: 1
[2015-11-21 22:36:07] EDIT DrawApp/static/js/newImage.js: 0
[2015-11-21 22:36:07] EDIT DrawApp/static/js/newImage.js: 0
[2015-11-21 22:36:07] EDIT DrawApp/static/js/newImage.js: 0
[2015-11-21 22:36:08] EDIT DrawApp/static/js/newImage.js: 0
[2015-11-21 22:36:08] EDIT DrawApp/static/js/newImage.js: 0
[2015-11-21 22:36:08] EDIT DrawApp/static/js/newImage.js: 0
[2015-11-21 22:36:58] EDIT DrawApp/views/default/drawNewImage.html: 0
[2015-11-21 22:38:00] EDIT DrawApp/views/default/drawNewImage.html: 0
[2015-11-21 22:38:01] EDIT DrawApp/views/default/drawNewImage.html: 0
[2015-11-21 22:38:01] EDIT DrawApp/views/default/drawNewImage.html: 0
[2015-11-21 22:38:01] EDIT DrawApp/views/default/drawNewImage.html: 0
[2015-11-21 22:39:37] EDIT DrawApp/views/default/drawNewImage.html: 0
[2015-11-21 22:39:53] EDIT DrawApp/views/default/drawNewImage.html: 0
[2015-11-21 22:39:53] EDIT DrawApp/views/default/drawNewImage.html: 0
[2015-11-21 22:39:53] EDIT DrawApp/views/default/drawNewImage.html: 0
[2015-11-21 22:42:10] EDIT DrawApp/static/js/newImage.js: 0
[2015-11-21 22:42:16] EDIT DrawApp/views/default/drawNewImage.html: 0
[2015-11-21 22:42:22] EDIT DrawApp/views/default/drawNewImage.html: 0
[2015-11-21 22:42:23] EDIT DrawApp/views/default/drawNewImage.html: 0
[2015-11-21 22:42:23] EDIT DrawApp/views/default/drawNewImage.html: 0
[2015-11-21 22:42:23] EDIT DrawApp/views/default/drawNewImage.html: 0
[2015-11-21 22:44:31] EDIT DrawApp/static/js/draw.js: 0
[2015-11-21 22:44:32] EDIT DrawApp/static/js/draw.js: 0
[2015-11-21 22:44:33] EDIT DrawApp/static/js/draw.js: 0
[2015-11-21 22:44:33] EDIT DrawApp/static/js/draw.js: 0
[2015-11-21 22:44:40] EDIT DrawApp/views/default/drawNewImage.html: 0
[2015-11-21 22:44:52] EDIT DrawApp/views/default/drawNewImage.html: 0
[2015-11-21 22:45:08] EDIT DrawApp/views/default/editImage.html: 0
[2015-11-21 22:46:51] EDIT DrawApp/views/default/editImage.html: -1
[2015-11-21 22:46:58] EDIT DrawApp/views/default/editImage.html: 0
[2015-11-21 22:46:58] EDIT DrawApp/views/default/editImage.html: 0
[2015-11-21 22:46:58] EDIT DrawApp/views/default/editImage.html: 0
[2015-11-21 22:54:49] EDIT DrawApp/views/default/editImage.html: 10
[2015-11-21 22:54:50] EDIT DrawApp/views/default/editImage.html: 0
[2015-11-21 22:54:50] EDIT DrawApp/views/default/editImage.html: 0
[2015-11-21 22:55:41] EDIT DrawApp/views/default/editImage.html: -4
[2015-11-21 22:55:42] EDIT DrawApp/views/default/editImage.html: 0
[2015-11-21 22:55:42] EDIT DrawApp/views/default/editImage.html: 0
[2015-11-21 22:55:42] EDIT DrawApp/views/default/editImage.html: 0
[2015-11-21 22:55:43] EDIT DrawApp/views/default/editImage.html: 0
[2015-11-21 22:55:43] EDIT DrawApp/views/default/editImage.html: 0
[2015-11-21 22:55:44] EDIT DrawApp/views/default/editImage.html: 0
[2015-11-21 22:55:45] EDIT DrawApp/views/default/editImage.html: 0
[2015-11-21 22:55:45] EDIT DrawApp/views/default/editImage.html: 0
[2015-11-21 22:55:45] EDIT DrawApp/views/default/editImage.html: 0
[2015-11-21 22:55:45] EDIT DrawApp/views/default/editImage.html: 0
[2015-11-21 22:55:46] EDIT DrawApp/views/default/editImage.html: 0
[2015-11-21 22:55:47] EDIT DrawApp/views/default/editImage.html: 0
[2015-11-21 22:55:48] EDIT DrawApp/views/default/editImage.html: 0
[2015-11-21 22:55:48] EDIT DrawApp/views/default/editImage.html: 0
[2015-11-21 22:55:48] EDIT DrawApp/views/default/editImage.html: 0
[2015-11-21 22:55:48] EDIT DrawApp/views/default/editImage.html: 0
[2015-11-21 22:55:49] EDIT DrawApp/views/default/editImage.html: 0
[2015-11-21 22:55:49] EDIT DrawApp/views/default/editImage.html: 0
[2015-11-21 22:55:49] EDIT DrawApp/views/default/editImage.html: 0
[2015-11-21 22:55:49] EDIT DrawApp/views/default/editImage.html: 0
[2015-11-21 22:56:49] EDIT DrawApp/views/default/editImage.html: 0
[2015-11-21 22:56:49] EDIT DrawApp/views/default/editImage.html: 0
[2015-11-21 22:56:49] EDIT DrawApp/views/default/editImage.html: 0
[2015-11-21 22:56:50] EDIT DrawApp/views/default/editImage.html: 0
[2015-11-21 22:58:47] EDIT DrawApp/views/default/editImage.html: 16
[2015-11-21 22:58:48] EDIT DrawApp/views/default/editImage.html: 0
[2015-11-22 07:29:15] EDIT DrawApp/views/default/editImage.html: -2
[2015-11-22 07:45:15] EDIT DrawApp/views/default/editImage.html: 12
[2015-11-22 07:46:30] EDIT DrawApp/views/default/editImage.html: 3
[2015-11-22 07:47:06] EDIT DrawApp/views/default/editImage.html: 1
[2015-11-22 07:47:20] EDIT DrawApp/views/default/editImage.html: 0
[2015-11-22 07:48:25] EDIT DrawApp/views/default/editImage.html: 1
[2015-11-22 07:50:38] EDIT DrawApp/views/default/editImage.html: 3
[2015-11-22 07:50:38] EDIT DrawApp/views/default/editImage.html: 0
[2015-11-22 07:50:38] EDIT DrawApp/views/default/editImage.html: 0
[2015-11-22 07:50:39] EDIT DrawApp/views/default/editImage.html: 0
[2015-11-22 07:50:39] EDIT DrawApp/views/default/editImage.html: 0
[2015-11-22 07:50:39] EDIT DrawApp/views/default/editImage.html: 0
[2015-11-22 07:50:40] EDIT DrawApp/views/default/editImage.html: 0
[2015-11-22 07:52:26] EDIT DrawApp/views/default/editImage.html: 1
[2015-11-22 07:53:01] EDIT DrawApp/views/default/editImage.html: 0
[2015-11-22 07:55:45] EDIT DrawApp/views/default/editImage.html: 1
[2015-11-22 07:55:46] EDIT DrawApp/views/default/editImage.html: 0
[2015-11-22 07:56:07] EDIT DrawApp/views/default/editImage.html: 0
[2015-11-22 07:56:07] EDIT DrawApp/views/default/editImage.html: 0
[2015-11-22 07:56:08] EDIT DrawApp/views/default/editImage.html: 0
[2015-11-22 07:56:08] EDIT DrawApp/views/default/editImage.html: 0
[2015-11-22 07:56:28] EDIT DrawApp/views/default/editImage.html: 0
[2015-11-22 07:56:29] EDIT DrawApp/views/default/editImage.html: 0
[2015-11-22 07:56:29] EDIT DrawApp/views/default/editImage.html: 0
[2015-11-22 07:56:55] EDIT DrawApp/views/default/editImage.html: 0
[2015-11-22 07:57:01] EDIT DrawApp/views/default/editImage.html: 0
[2015-11-22 07:57:03] EDIT DrawApp/views/default/editImage.html: 0
[2015-11-22 07:57:30] EDIT DrawApp/views/default/editImage.html: 0
[2015-11-22 07:57:30] EDIT DrawApp/views/default/editImage.html: 0
[2015-11-22 07:57:30] EDIT DrawApp/views/default/editImage.html: 0
[2015-11-22 07:58:42] EDIT DrawApp/views/default/editImage.html: 1
[2015-11-22 07:58:43] EDIT DrawApp/views/default/editImage.html: 0
[2015-11-22 07:58:43] EDIT DrawApp/views/default/editImage.html: 0
[2015-11-22 07:58:43] EDIT DrawApp/views/default/editImage.html: 0
[2015-11-22 07:58:43] EDIT DrawApp/views/default/editImage.html: 0
[2015-11-22 07:58:43] EDIT DrawApp/views/default/editImage.html: 0
[2015-11-22 07:58:44] EDIT DrawApp/views/default/editImage.html: 0
[2015-11-22 07:58:44] EDIT DrawApp/views/default/editImage.html: 0
[2015-11-22 07:58:44] EDIT DrawApp/views/default/editImage.html: 0
[2015-11-22 07:58:44] EDIT DrawApp/views/default/editImage.html: 0
[2015-11-22 08:01:16] EDIT DrawApp/views/default/editImage.html: 0
[2015-11-22 08:02:12] EDIT DrawApp/views/default/editImage.html: 0
[2015-11-22 08:02:13] EDIT DrawApp/views/default/editImage.html: 0
[2015-11-22 08:02:13] EDIT DrawApp/views/default/editImage.html: 0
[2015-11-22 08:02:13] EDIT DrawApp/views/default/editImage.html: 0
[2015-11-22 08:02:13] EDIT DrawApp/views/default/editImage.html: 0
[2015-11-22 08:03:44] EDIT DrawApp/views/default/editImage.html: 0
[2015-11-22 20:39:59] EDIT DrawApp/views/default/editImage.html: 0
[2015-11-22 20:42:34] EDIT DrawApp/views/default/editImage.html: -32
[2015-11-22 20:42:35] EDIT DrawApp/views/default/editImage.html: 0
[2015-11-22 20:42:49] EDIT DrawApp/views/default/editImage.html: 0
[2015-11-22 20:43:00] EDIT DrawApp/views/default/editImage.html: 0
[2015-11-22 20:44:09] EDIT DrawApp/controllers/default.py: 0
[2015-11-22 20:44:11] EDIT DrawApp/controllers/default.py: 0
[2015-11-22 20:45:53] EDIT DrawApp/views/default/editImage.html: -1
[2015-11-22 20:46:41] DELETE DrawApp/static/js/draw.js: -17
[2015-11-22 20:47:24] CREATE js/newDrawing.js: 0
[2015-11-22 20:47:56] DELETE DrawApp/static/js/draw.js.bak: -17
[2015-11-22 20:48:06] DELETE DrawApp/static/js/drawimage.js.bak: -21
[2015-11-22 20:48:49] DELETE DrawApp/static/js/newImage.js.bak: -7
[2015-11-22 20:51:03] CREATE js/editDrawing.js: 0
[2015-11-22 20:52:23] EDIT DrawApp/views/default/editImage.html: 0
[2015-11-22 20:52:36] EDIT DrawApp/views/default/editImage.html: -4
[2015-11-22 20:52:45] EDIT DrawApp/views/default/drawNewImage.html: 0
[2015-11-22 20:52:57] EDIT DrawApp/views/default/drawNewImage.html: 0
[2015-11-22 20:53:04] EDIT DrawApp/static/js/editDrawing.js: 3
[2015-11-22 20:53:30] EDIT DrawApp/views/default/drawNewImage.html: 0
[2015-11-22 21:45:16] EDIT DrawApp/static/js/newDrawing.js: 17
[2015-11-22 21:45:17] EDIT DrawApp/static/js/newDrawing.js: 0
[2015-11-22 21:48:16] EDIT DrawApp/views/default/drawNewImage.html: 0
[2015-11-22 21:48:22] EDIT DrawApp/views/default/drawNewImage.html: 0
[2015-11-22 21:52:05] EDIT DrawApp/static/js/newDrawing.js: 12
[2015-11-22 21:52:06] EDIT DrawApp/static/js/newDrawing.js: 0
[2015-11-22 21:52:26] EDIT DrawApp/views/default/drawNewImage.html: 2
[2015-11-22 21:52:27] EDIT DrawApp/views/default/drawNewImage.html: 0
[2015-11-22 22:01:38] EDIT DrawApp/static/js/newDrawing.js: 4
[2015-11-22 22:01:40] EDIT DrawApp/static/js/newDrawing.js: 0
[2015-11-22 22:03:28] EDIT DrawApp/static/js/newDrawing.js: 1
[2015-11-22 22:03:34] EDIT DrawApp/static/js/newDrawing.js: 0
[2015-11-22 22:07:16] EDIT DrawApp/static/js/newDrawing.js: 10
[2015-11-22 22:07:16] EDIT DrawApp/static/js/newDrawing.js: 0
[2015-11-22 22:08:23] EDIT DrawApp/static/js/newDrawing.js: 0
[2015-11-22 22:10:07] EDIT DrawApp/static/js/newDrawing.js: 12
[2015-11-22 22:11:12] EDIT DrawApp/static/js/newDrawing.js: 2
[2015-11-22 22:11:47] EDIT DrawApp/static/js/newDrawing.js: 0
[2015-11-22 22:16:47] EDIT DrawApp/static/js/newDrawing.js: -2
[2015-11-22 22:18:48] EDIT DrawApp/views/default/drawNewImage.html: 2
[2015-11-22 22:18:51] EDIT DrawApp/static/js/newDrawing.js: 0
[2015-11-22 22:19:17] EDIT DrawApp/static/js/newDrawing.js: 0
[2015-11-22 22:19:18] EDIT DrawApp/static/js/newDrawing.js: 0
[2015-11-22 22:19:18] EDIT DrawApp/static/js/newDrawing.js: 0
[2015-11-22 22:19:19] EDIT DrawApp/static/js/newDrawing.js: 0
[2015-11-22 22:23:08] EDIT DrawApp/static/js/newDrawing.js: -1
[2015-11-22 22:23:25] EDIT DrawApp/static/js/newDrawing.js: 0
[2015-11-22 22:25:04] EDIT DrawApp/static/js/newDrawing.js: -20
[2015-11-22 22:25:15] EDIT DrawApp/static/js/newDrawing.js: -1
[2015-11-22 22:26:18] EDIT DrawApp/static/js/newDrawing.js: 0
[2015-11-22 22:27:15] EDIT DrawApp/static/js/newDrawing.js: 0
[2015-11-22 22:27:35] EDIT DrawApp/views/default/drawNewImage.html: -2
[2015-11-22 22:28:49] EDIT DrawApp/views/default/drawNewImage.html: 2
[2015-11-22 22:28:50] EDIT DrawApp/views/default/drawNewImage.html: 0
[2015-11-22 22:30:56] EDIT DrawApp/static/js/newDrawing.js: 8
[2015-11-22 22:30:56] EDIT DrawApp/static/js/newDrawing.js: 0
[2015-11-22 22:30:57] EDIT DrawApp/static/js/newDrawing.js: 0
[2015-11-22 22:32:50] EDIT DrawApp/static/js/newDrawing.js: -8
[2015-11-22 22:32:55] EDIT DrawApp/static/js/newDrawing.js: 0
[2015-11-22 22:33:01] EDIT DrawApp/static/js/newDrawing.js: 0
[2015-11-22 22:41:05] EDIT DrawApp/static/js/editDrawing.js: 34
[2015-11-22 22:41:20] EDIT DrawApp/views/default/editImage.html: 0
[2015-11-22 22:41:21] EDIT DrawApp/views/default/editImage.html: 0
[2015-11-22 22:41:21] EDIT DrawApp/views/default/editImage.html: 0
[2015-11-22 22:42:41] EDIT DrawApp/views/default/drawNewImage.html: -2
[2015-11-22 22:42:56] EDIT DrawApp/views/default/editImage.html: 2
[2015-11-22 22:43:06] EDIT DrawApp/views/default/editImage.html: -4
[2015-11-22 22:43:18] EDIT DrawApp/views/default/editImage.html: 0
[2015-11-22 22:43:31] EDIT DrawApp/views/default/drawNewImage.html: 1
[2015-11-22 22:50:01] EDIT DrawApp/static/js/editDrawing.js: -15
[2015-11-22 22:50:02] EDIT DrawApp/static/js/editDrawing.js: 0
[2015-11-22 22:50:45] EDIT DrawApp/views/default/editImage.html: 0
[2015-11-22 22:50:46] EDIT DrawApp/views/default/editImage.html: 0
[2015-11-22 22:52:16] EDIT DrawApp/static/js/editDrawing.js: -3
[2015-11-22 22:52:17] EDIT DrawApp/static/js/editDrawing.js: 0
[2015-11-22 22:52:17] EDIT DrawApp/static/js/editDrawing.js: 0
[2015-11-22 22:53:29] EDIT DrawApp/views/default/editImage.html: 0
[2015-11-22 22:53:29] EDIT DrawApp/views/default/editImage.html: 0
[2015-11-22 22:53:59] EDIT DrawApp/static/js/editDrawing.js: 3
[2015-11-22 22:56:51] EDIT DrawApp/static/js/editDrawing.js: 0
[2015-11-22 22:56:52] EDIT DrawApp/static/js/editDrawing.js: 0
[2015-11-22 23:15:38] EDIT DrawApp/static/js/editDrawing.js: 0
[2015-11-22 23:15:47] EDIT DrawApp/static/js/editDrawing.js: 0
[2015-11-22 23:16:09] EDIT DrawApp/views/default/editImage.html: 0
[2015-11-22 23:16:10] EDIT DrawApp/views/default/editImage.html: 0
[2015-11-22 23:16:10] EDIT DrawApp/views/default/editImage.html: 0
[2015-11-22 23:16:10] EDIT DrawApp/views/default/editImage.html: 0
[2015-11-22 23:16:10] EDIT DrawApp/views/default/editImage.html: 0
[2015-11-22 23:16:11] EDIT DrawApp/views/default/editImage.html: 0
[2015-11-22 23:16:11] EDIT DrawApp/views/default/editImage.html: 0
[2015-11-22 23:16:11] EDIT DrawApp/views/default/editImage.html: 0
[2015-11-22 23:16:11] EDIT DrawApp/views/default/editImage.html: 0
[2015-11-22 23:16:40] EDIT DrawApp/static/js/editDrawing.js: -6
[2015-11-22 23:24:57] EDIT DrawApp/static/js/editDrawing.js: 6
[2015-11-22 23:24:58] EDIT DrawApp/static/js/editDrawing.js: 0
[2015-11-22 23:24:58] EDIT DrawApp/static/js/editDrawing.js: 0
[2015-11-22 23:24:59] EDIT DrawApp/static/js/editDrawing.js: 0
[2015-11-22 23:26:05] EDIT DrawApp/static/js/editDrawing.js: 1
[2015-11-22 23:29:17] EDIT DrawApp/static/js/editDrawing.js: 12
[2015-11-22 23:29:33] EDIT DrawApp/static/js/editDrawing.js: -5
[2015-11-22 23:30:15] EDIT DrawApp/static/js/editDrawing.js: -3
[2015-11-22 23:30:16] EDIT DrawApp/static/js/editDrawing.js: 0
[2015-11-22 23:31:11] EDIT DrawApp/static/js/editDrawing.js: 5
[2015-11-22 23:32:20] EDIT DrawApp/static/js/newDrawing.js: 20
[2015-11-22 23:32:20] EDIT DrawApp/static/js/newDrawing.js: 0
[2015-11-22 23:33:33] EDIT DrawApp/views/default/drawNewImage.html: -3
[2015-11-22 23:33:33] EDIT DrawApp/views/default/drawNewImage.html: 0
[2015-11-22 23:33:36] EDIT DrawApp/static/js/newDrawing.js: 0
[2015-11-22 23:33:38] EDIT DrawApp/static/js/editDrawing.js: 0
[2015-11-22 23:33:40] EDIT DrawApp/views/default/editImage.html: 0
[2015-11-22 23:33:41] EDIT DrawApp/views/default/editImage.html: 0
[2015-11-22 23:33:41] EDIT DrawApp/views/default/editImage.html: 0
[2015-11-22 23:33:41] EDIT DrawApp/views/default/editImage.html: 0
[2015-11-22 23:33:42] EDIT DrawApp/views/default/editImage.html: 0
[2015-11-22 23:52:14] EDIT DrawApp/views/default/editImage.html: 0
[2015-11-22 23:52:27] EDIT DrawApp/views/default/editImage.html: 0
[2015-11-22 23:52:28] EDIT DrawApp/views/default/editImage.html: 0
[2015-11-22 23:52:29] EDIT DrawApp/views/default/editImage.html: 0
[2015-11-22 23:52:29] EDIT DrawApp/views/default/editImage.html: 0
[2015-11-22 23:54:02] EDIT DrawApp/views/default/editImage.html: 0
[2015-11-22 23:56:28] EDIT DrawApp/views/default/editImage.html: 0
[2015-11-22 23:56:30] EDIT DrawApp/views/default/editImage.html: 0
[2015-11-22 23:57:02] EDIT DrawApp/views/default/editImage.html: 0
[2015-11-22 23:57:03] EDIT DrawApp/views/default/editImage.html: 0
[2015-11-22 23:57:03] EDIT DrawApp/views/default/editImage.html: 0
[2015-11-23 00:01:57] EDIT DrawApp/views/default/editImage.html: -3
[2015-11-23 00:03:05] EDIT DrawApp/static/js/editImage.js: -2
[2015-11-23 00:03:09] EDIT DrawApp/static/js/editDrawing.js: 0
[2015-11-23 00:03:47] EDIT DrawApp/static/js/editImage.js: 0
[2015-11-23 00:03:48] EDIT DrawApp/static/js/editImage.js: 0
[2015-11-23 00:04:09] EDIT DrawApp/static/js/editImage.js: 0
[2015-11-23 00:04:10] EDIT DrawApp/static/js/editImage.js: 0
[2015-11-23 00:04:10] EDIT DrawApp/static/js/editImage.js: 0
[2015-11-23 00:04:10] EDIT DrawApp/static/js/editImage.js: 0
[2015-11-23 06:02:10] EDIT DrawApp/static/js/newDrawing.js: -6
[2015-11-23 06:02:44] EDIT DrawApp/static/js/newDrawing.js: 0
[2015-11-23 06:04:57] EDIT DrawApp/views/default/drawNewImage.html: 0
[2015-11-23 06:05:22] EDIT DrawApp/static/js/newDrawing.js: 4
[2015-11-23 06:06:12] EDIT DrawApp/static/js/newDrawing.js: -4
[2015-11-23 06:07:35] EDIT DrawApp/static/js/newDrawing.js: 5
[2015-11-23 06:07:35] EDIT DrawApp/static/js/newDrawing.js: 0
[2015-11-23 06:07:36] EDIT DrawApp/static/js/newDrawing.js: 0
[2015-11-23 06:07:36] EDIT DrawApp/static/js/newDrawing.js: 0
[2015-11-23 06:08:08] EDIT DrawApp/static/js/newDrawing.js: 0
[2015-11-23 06:08:09] EDIT DrawApp/static/js/newDrawing.js: 0
[2015-11-23 06:08:09] EDIT DrawApp/static/js/newDrawing.js: 0
[2015-11-23 06:08:10] EDIT DrawApp/static/js/newDrawing.js: 0
[2015-11-23 06:08:10] EDIT DrawApp/static/js/newDrawing.js: 0
[2015-11-23 06:08:10] EDIT DrawApp/static/js/newDrawing.js: 0
[2015-11-23 06:08:11] EDIT DrawApp/static/js/newDrawing.js: 0
[2015-11-23 06:08:11] EDIT DrawApp/static/js/newDrawing.js: 0
[2015-11-23 06:08:46] EDIT DrawApp/static/js/newDrawing.js: 1
[2015-11-23 06:09:44] EDIT DrawApp/static/js/newDrawing.js: 2
[2015-11-23 06:09:45] EDIT DrawApp/static/js/newDrawing.js: 0
[2015-11-23 06:11:44] EDIT DrawApp/static/js/newDrawing.js: 0
[2015-11-23 06:11:44] EDIT DrawApp/static/js/newDrawing.js: 0
[2015-11-23 06:12:30] EDIT DrawApp/static/js/newDrawing.js: 0
[2015-11-23 06:12:30] EDIT DrawApp/static/js/newDrawing.js: 0
[2015-11-23 06:12:31] EDIT DrawApp/static/js/newDrawing.js: 0
[2015-11-23 06:12:31] EDIT DrawApp/static/js/newDrawing.js: 0
[2015-11-23 06:12:31] EDIT DrawApp/static/js/newDrawing.js: 0
[2015-11-23 06:12:32] EDIT DrawApp/static/js/newDrawing.js: 0
[2015-11-23 06:12:32] EDIT DrawApp/static/js/newDrawing.js: 0
[2015-11-23 06:12:32] EDIT DrawApp/static/js/newDrawing.js: 0
[2015-11-23 06:12:32] EDIT DrawApp/static/js/newDrawing.js: 0
[2015-11-23 06:12:32] EDIT DrawApp/static/js/newDrawing.js: 0
[2015-11-23 06:12:33] EDIT DrawApp/static/js/newDrawing.js: 0
[2015-11-23 06:12:39] EDIT DrawApp/static/js/newDrawing.js: -1
[2015-11-23 06:12:39] EDIT DrawApp/static/js/newDrawing.js: 0
[2015-11-23 06:13:12] EDIT DrawApp/static/js/newDrawing.js: 0
[2015-11-23 06:13:13] EDIT DrawApp/static/js/newDrawing.js: 0
[2015-11-23 06:13:30] EDIT DrawApp/static/js/newDrawing.js: 0
[2015-11-23 06:13:31] EDIT DrawApp/static/js/newDrawing.js: 0
[2015-11-23 06:13:31] EDIT DrawApp/static/js/newDrawing.js: 0
[2015-11-23 06:13:39] EDIT DrawApp/static/js/newDrawing.js: 0
[2015-11-23 06:13:40] EDIT DrawApp/static/js/newDrawing.js: 0
[2015-11-23 06:13:40] EDIT DrawApp/static/js/newDrawing.js: 0
[2015-11-23 06:13:41] EDIT DrawApp/static/js/newDrawing.js: 0
[2015-11-23 06:13:41] EDIT DrawApp/static/js/newDrawing.js: 0
[2015-11-23 06:13:41] EDIT DrawApp/static/js/newDrawing.js: 0
[2015-11-23 06:13:41] EDIT DrawApp/static/js/newDrawing.js: 0
[2015-11-23 06:13:44] EDIT DrawApp/views/default/drawNewImage.html: 0
[2015-11-23 06:13:44] EDIT DrawApp/views/default/drawNewImage.html: 0
[2015-11-23 06:13:45] EDIT DrawApp/views/default/drawNewImage.html: 0
[2015-11-23 06:14:51] EDIT DrawApp/static/js/newDrawing.js: 0
[2015-11-23 06:14:51] EDIT DrawApp/static/js/newDrawing.js: 0
[2015-11-23 06:15:44] EDIT DrawApp/static/js/newDrawing.js: 0
[2015-11-23 06:16:02] EDIT DrawApp/static/js/newDrawing.js: 0
[2015-11-23 06:16:02] EDIT DrawApp/static/js/newDrawing.js: 0
[2015-11-23 06:16:02] EDIT DrawApp/static/js/newDrawing.js: 0
[2015-11-23 06:16:03] EDIT DrawApp/static/js/newDrawing.js: 0
[2015-11-23 06:16:41] EDIT DrawApp/static/js/newDrawing.js: 0
[2015-11-23 06:16:42] EDIT DrawApp/static/js/newDrawing.js: 0
[2015-11-23 06:16:42] EDIT DrawApp/static/js/newDrawing.js: 0
[2015-11-23 06:16:42] EDIT DrawApp/static/js/newDrawing.js: 0
[2015-11-23 06:16:42] EDIT DrawApp/static/js/newDrawing.js: 0
[2015-11-23 06:16:43] EDIT DrawApp/static/js/newDrawing.js: 0
[2015-11-23 06:16:43] EDIT DrawApp/static/js/newDrawing.js: 0
[2015-11-23 06:16:43] EDIT DrawApp/static/js/newDrawing.js: 0
[2015-11-23 06:16:43] EDIT DrawApp/static/js/newDrawing.js: 0
[2015-11-23 06:16:43] EDIT DrawApp/static/js/newDrawing.js: 0
[2015-11-23 06:16:44] EDIT DrawApp/static/js/newDrawing.js: 0
[2015-11-23 06:16:44] EDIT DrawApp/static/js/newDrawing.js: 0
[2015-11-23 06:20:23] EDIT DrawApp/static/js/newDrawing.js: -10
[2015-11-23 06:20:23] EDIT DrawApp/static/js/newDrawing.js: 0
[2015-11-23 06:22:38] EDIT DrawApp/static/js/newDrawing.js: 4
[2015-11-23 06:22:39] EDIT DrawApp/static/js/newDrawing.js: 0
[2015-11-23 06:22:40] EDIT DrawApp/static/js/newDrawing.js: 0
[2015-11-23 06:22:40] EDIT DrawApp/static/js/newDrawing.js: 0
[2015-11-23 06:23:05] EDIT DrawApp/static/js/newDrawing.js: 0
[2015-11-23 06:23:05] EDIT DrawApp/static/js/newDrawing.js: 0
[2015-11-23 06:23:05] EDIT DrawApp/static/js/newDrawing.js: 0
[2015-11-23 06:24:12] EDIT DrawApp/static/js/newDrawing.js: 12
[2015-11-23 06:24:14] EDIT DrawApp/static/js/newDrawing.js: 0
[2015-11-23 06:24:14] EDIT DrawApp/static/js/newDrawing.js: 0
[2015-11-23 06:24:19] EDIT DrawApp/static/js/newDrawing.js: 0
[2015-11-23 06:25:27] EDIT DrawApp/static/js/newDrawing.js: 16
[2015-11-23 06:25:27] EDIT DrawApp/static/js/newDrawing.js: 0
[2015-11-23 06:25:28] EDIT DrawApp/static/js/newDrawing.js: 0
[2015-11-23 06:25:28] EDIT DrawApp/static/js/newDrawing.js: 0
[2015-11-23 06:31:17] EDIT DrawApp/static/js/editDrawing.js: 32
[2015-11-23 06:31:18] EDIT DrawApp/static/js/editDrawing.js: 0
[2015-11-23 06:31:18] EDIT DrawApp/static/js/editDrawing.js: 0
[2015-11-23 06:31:19] EDIT DrawApp/static/js/editDrawing.js: 0
[2015-11-23 06:31:19] EDIT DrawApp/static/js/editDrawing.js: 0
[2015-11-23 06:31:19] EDIT DrawApp/static/js/editDrawing.js: 0
[2015-11-23 06:31:19] EDIT DrawApp/static/js/editDrawing.js: 0
[2015-11-23 06:31:19] EDIT DrawApp/static/js/editDrawing.js: 0
[2015-11-23 06:31:20] EDIT DrawApp/static/js/editDrawing.js: 0
[2015-11-23 06:32:20] EDIT DrawApp/static/js/editDrawing.js: 0
[2015-11-23 06:32:22] EDIT DrawApp/static/js/newDrawing.js: 0
[2015-11-23 06:37:53] EDIT DrawApp/views/default/editImage.html: 0
[2015-11-23 06:37:54] EDIT DrawApp/views/default/editImage.html: 0
[2015-11-23 06:39:38] EDIT DrawApp/views/default/editImage.html: 0
[2015-11-23 06:39:39] EDIT DrawApp/views/default/editImage.html: 0
[2015-11-23 06:39:39] EDIT DrawApp/views/default/editImage.html: 0
[2015-11-23 06:39:39] EDIT DrawApp/views/default/editImage.html: 0
[2015-11-23 06:39:39] EDIT DrawApp/views/default/editImage.html: 0
[2015-11-23 06:39:40] EDIT DrawApp/views/default/editImage.html: 0
[2015-11-23 06:39:40] EDIT DrawApp/views/default/editImage.html: 0
[2015-11-23 06:39:40] EDIT DrawApp/views/default/editImage.html: 0
[2015-11-23 06:39:40] EDIT DrawApp/views/default/editImage.html: 0
[2015-11-23 06:40:54] EDIT DrawApp/views/default/editImage.html: 0
[2015-11-23 06:41:01] EDIT DrawApp/views/default/editImage.html: 0
[2015-11-23 06:41:02] EDIT DrawApp/views/default/editImage.html: 0
[2015-11-23 06:41:02] EDIT DrawApp/views/default/editImage.html: 0
[2015-11-23 06:41:22] EDIT DrawApp/views/default/drawNewImage.html: 0
[2015-11-23 06:41:22] EDIT DrawApp/views/default/drawNewImage.html: 0
[2015-11-23 06:41:23] EDIT DrawApp/views/default/drawNewImage.html: 0
[2015-11-23 06:41:23] EDIT DrawApp/views/default/drawNewImage.html: 0
[2015-11-23 06:41:23] EDIT DrawApp/views/default/drawNewImage.html: 0
[2015-11-23 06:46:55] EDIT DrawApp/static/js/editDrawing.js: 1
[2015-11-23 06:49:19] EDIT DrawApp/static/js/editDrawing.js: 0
[2015-11-23 06:49:49] EDIT DrawApp/static/js/editDrawing.js: 0
[2015-11-23 06:49:50] EDIT DrawApp/static/js/editDrawing.js: 0
[2015-11-23 06:49:50] EDIT DrawApp/static/js/editDrawing.js: 0
[2015-11-23 06:50:46] EDIT DrawApp/static/js/editDrawing.js: 0
[2015-11-23 06:50:48] EDIT DrawApp/static/js/editDrawing.js: 0
[2015-11-23 06:50:55] EDIT DrawApp/views/default/editImage.html: 0
[2015-11-23 06:50:58] EDIT DrawApp/static/js/newDrawing.js: 0
[2015-11-23 06:52:41] EDIT DrawApp/views/default/editImage.html: 0
[2015-11-23 06:52:42] EDIT DrawApp/views/default/editImage.html: 0
[2015-11-23 06:54:18] EDIT DrawApp/static/js/editDrawing.js: 0
[2015-11-23 06:54:18] EDIT DrawApp/static/js/editDrawing.js: 0
[2015-11-23 06:54:19] EDIT DrawApp/static/js/editDrawing.js: 0
[2015-11-23 06:54:19] EDIT DrawApp/static/js/editDrawing.js: 0
[2015-11-23 06:54:19] EDIT DrawApp/static/js/editDrawing.js: 0
[2015-11-23 06:54:19] EDIT DrawApp/static/js/editDrawing.js: 0
[2015-11-23 06:54:20] EDIT DrawApp/static/js/editDrawing.js: 0
[2015-11-23 06:54:20] EDIT DrawApp/static/js/editDrawing.js: 0
[2015-11-23 07:12:43] EDIT DrawApp/views/default/editImage.html: 0
[2015-11-23 07:19:19] EDIT DrawApp/views/default/drawNewImage.html: 4
[2015-11-23 07:20:17] EDIT DrawApp/views/default/drawNewImage.html: 2
[2015-11-23 07:20:18] EDIT DrawApp/views/default/drawNewImage.html: 0
[2015-11-23 08:04:59] EDIT DrawApp/views/default/drawNewImage.html: -2
[2015-11-23 08:05:41] EDIT DrawApp/views/default/drawNewImage.html: 3
[2015-11-23 08:06:10] EDIT DrawApp/views/default/drawNewImage.html: 0
[2015-11-23 08:06:48] EDIT DrawApp/views/default/drawNewImage.html: 0
[2015-11-23 08:06:56] EDIT DrawApp/views/default/drawNewImage.html: 0
[2015-11-23 08:07:26] EDIT DrawApp/views/default/drawNewImage.html: 0
[2015-11-23 08:08:46] EDIT DrawApp/views/default/drawNewImage.html: 3
[2015-11-23 08:11:04] EDIT DrawApp/views/default/drawNewImage.html: 3
[2015-11-23 08:12:03] EDIT DrawApp/views/default/drawNewImage.html: 0
[2015-11-23 08:14:38] EDIT DrawApp/views/default/drawNewImage.html: 7
[2015-11-23 08:15:03] EDIT DrawApp/views/default/drawNewImage.html: 0
[2015-11-23 08:18:11] EDIT DrawApp/views/default/drawNewImage.html: 0
[2015-11-23 08:19:37] EDIT DrawApp/views/default/drawNewImage.html: 0
[2015-11-23 08:19:50] EDIT DrawApp/views/default/drawNewImage.html: 0
[2015-11-23 08:20:00] EDIT DrawApp/views/default/drawNewImage.html: 0
[2015-11-23 08:20:14] EDIT DrawApp/views/default/drawNewImage.html: 0
[2015-11-23 08:20:48] EDIT DrawApp/views/default/drawNewImage.html: 0
[2015-11-23 08:21:57] EDIT DrawApp/views/default/editImage.html: 0
[2015-11-23 08:21:58] EDIT DrawApp/views/default/editImage.html: 0
[2015-11-23 08:21:59] EDIT DrawApp/views/default/editImage.html: 0
[2015-11-23 08:22:57] EDIT DrawApp/views/default/editImage.html: 20
[2015-11-23 08:22:58] EDIT DrawApp/views/default/editImage.html: 0
[2015-11-23 08:23:02] EDIT DrawApp/views/default/editImage.html: 0
[2015-11-23 08:24:00] EDIT DrawApp/static/js/newDrawing.js: 4
[2015-11-23 08:24:41] EDIT DrawApp/static/js/editDrawing.js: 4
[2015-11-23 08:24:41] EDIT DrawApp/static/js/editDrawing.js: 0
[2015-11-23 08:24:41] EDIT DrawApp/static/js/editDrawing.js: 0
[2015-11-23 08:25:20] EDIT DrawApp/views/default/drawNewImage.html: 1
[2015-11-23 08:25:34] EDIT DrawApp/views/default/editImage.html: 1
[2015-11-23 08:27:12] EDIT DrawApp/views/default/editImage.html: 0
[2015-11-23 08:27:43] EDIT DrawApp/views/default/editImage.html: 2
[2015-11-23 08:28:23] EDIT DrawApp/views/default/editImage.html: 1
[2015-11-23 08:30:14] EDIT DrawApp/static/js/newDrawing.js: 0
[2015-11-23 08:30:15] EDIT DrawApp/static/js/newDrawing.js: 0
[2015-11-23 08:30:15] EDIT DrawApp/static/js/newDrawing.js: 0
[2015-11-23 08:30:15] EDIT DrawApp/static/js/newDrawing.js: 0
[2015-11-23 08:30:16] EDIT DrawApp/static/js/newDrawing.js: 0
[2015-11-23 08:30:16] EDIT DrawApp/static/js/newDrawing.js: 0
[2015-11-23 08:30:16] EDIT DrawApp/static/js/newDrawing.js: 0
[2015-11-23 08:30:16] EDIT DrawApp/static/js/newDrawing.js: 0
[2015-11-23 08:30:17] EDIT DrawApp/static/js/newDrawing.js: 0
[2015-11-23 08:30:17] EDIT DrawApp/static/js/newDrawing.js: 0
[2015-11-23 08:30:17] EDIT DrawApp/static/js/newDrawing.js: 0
[2015-11-23 08:30:17] EDIT DrawApp/static/js/newDrawing.js: 0
[2015-11-23 08:30:17] EDIT DrawApp/static/js/newDrawing.js: 0
[2015-11-23 08:30:18] EDIT DrawApp/static/js/newDrawing.js: 0
[2015-11-23 08:30:18] EDIT DrawApp/static/js/newDrawing.js: 0
[2015-11-23 08:30:18] EDIT DrawApp/static/js/newDrawing.js: 0
[2015-11-23 08:30:18] EDIT DrawApp/static/js/newDrawing.js: 0
[2015-11-23 08:30:18] EDIT DrawApp/static/js/newDrawing.js: 0
[2015-11-23 08:30:19] EDIT DrawApp/static/js/newDrawing.js: 0
[2015-11-23 08:30:19] EDIT DrawApp/static/js/newDrawing.js: 0
[2015-11-23 08:30:21] EDIT DrawApp/static/js/editDrawing.js: 0
[2015-11-23 08:30:21] EDIT DrawApp/static/js/editDrawing.js: 0
[2015-11-23 08:30:22] EDIT DrawApp/static/js/editDrawing.js: 0
[2015-11-23 08:30:22] EDIT DrawApp/static/js/editDrawing.js: 0
[2015-11-23 08:30:36] EDIT DrawApp/static/js/newDrawing.js: 0
[2015-11-23 08:31:32] EDIT DrawApp/static/js/newDrawing.js: 0
[2015-11-23 08:31:33] EDIT DrawApp/static/js/newDrawing.js: 0
[2015-11-23 08:31:33] EDIT DrawApp/static/js/newDrawing.js: 0
[2015-11-23 08:32:59] EDIT DrawApp/static/js/newDrawing.js: 0
[2015-11-23 08:32:59] EDIT DrawApp/static/js/newDrawing.js: 0
[2015-11-23 08:35:29] EDIT DrawApp/static/js/newDrawing.js: 0
[2015-11-23 08:35:30] EDIT DrawApp/static/js/newDrawing.js: 0
[2015-11-23 08:35:30] EDIT DrawApp/static/js/newDrawing.js: 0
[2015-11-23 09:59:30] EDIT DrawApp/models/menu.py: 0
[2015-11-23 09:59:57] EDIT DrawApp/models/menu.py: 0
[2015-11-23 16:59:14] EDIT DrawApp/controllers/default.py: 4
[2015-11-23 17:00:06] EDIT DrawApp/controllers/default.py: 0
[2015-11-23 17:13:40] EDIT DrawApp/controllers/default.py: 0
[2015-11-23 17:14:41] EDIT DrawApp/models/menu.py: 0
[2015-11-24 04:42:05] EDIT DrawApp/views/default/drawNewImage.html: 0
[2015-11-24 04:42:11] EDIT DrawApp/views/default/drawNewImage.html: 0
[2015-11-24 04:42:39] EDIT DrawApp/views/default/drawNewImage.html: 0
[2015-11-24 04:43:24] EDIT DrawApp/views/default/drawNewImage.html: 0
[2015-11-24 04:45:55] EDIT DrawApp/views/default/drawNewImage.html: 0
[2015-11-24 04:45:55] EDIT DrawApp/views/default/drawNewImage.html: 0
[2015-11-24 04:45:56] EDIT DrawApp/views/default/drawNewImage.html: 0
[2015-11-24 04:45:56] EDIT DrawApp/views/default/drawNewImage.html: 0
[2015-11-24 04:57:56] EDIT DrawApp/views/default/drawNewImage.html: 0
[2015-11-24 04:58:18] EDIT DrawApp/views/default/drawNewImage.html: 0
[2015-11-24 04:58:19] EDIT DrawApp/views/default/drawNewImage.html: 0
[2015-11-24 04:58:19] EDIT DrawApp/views/default/drawNewImage.html: 0
[2015-11-24 04:59:00] EDIT DrawApp/views/default/drawNewImage.html: 0
[2015-11-24 04:59:01] EDIT DrawApp/views/default/drawNewImage.html: 0
[2015-11-24 04:59:01] EDIT DrawApp/views/default/drawNewImage.html: 0
[2015-11-24 04:59:02] EDIT DrawApp/views/default/drawNewImage.html: 0
[2015-11-24 04:59:25] EDIT DrawApp/views/default/drawNewImage.html: 0
[2015-11-24 04:59:26] EDIT DrawApp/views/default/drawNewImage.html: 0
[2015-11-24 04:59:53] EDIT DrawApp/views/default/drawNewImage.html: 0
[2015-11-24 04:59:54] EDIT DrawApp/views/default/drawNewImage.html: 0
[2015-11-24 04:59:54] EDIT DrawApp/views/default/drawNewImage.html: 0
[2015-11-24 05:00:14] EDIT DrawApp/views/default/drawNewImage.html: 0
[2015-11-24 05:01:04] EDIT DrawApp/views/default/drawNewImage.html: 0
[2015-11-24 05:02:41] EDIT DrawApp/views/default/viewNotlogin.html: 0
[2015-11-24 05:02:55] EDIT DrawApp/views/default/viewLogin.html: 0
[2015-11-24 05:02:57] EDIT DrawApp/views/default/viewLogin.html: 0
[2015-11-24 05:14:56] EDIT DrawApp/views/default/viewLogin.html: 0
[2015-11-24 05:15:00] EDIT DrawApp/views/default/viewNotlogin.html: 0
[2015-11-24 05:16:03] EDIT DrawApp/views/default/editImage.html: -1
[2015-11-24 05:16:10] EDIT DrawApp/views/default/editImage.html: 0
[2015-11-24 05:16:10] EDIT DrawApp/views/default/editImage.html: 0
[2015-11-24 05:16:11] EDIT DrawApp/views/default/editImage.html: 0
[2015-11-24 05:16:11] EDIT DrawApp/views/default/editImage.html: 0
[2015-11-24 05:16:50] EDIT DrawApp/views/default/editImage.html: 0
[2015-11-24 05:16:52] EDIT DrawApp/views/default/editImage.html: 0
[2015-11-24 05:25:20] EDIT DrawApp/controllers/default.py: 0
[2015-11-24 05:25:21] EDIT DrawApp/controllers/default.py: 0
[2015-11-24 05:25:52] EDIT DrawApp/controllers/default.py: 0
[2015-11-24 05:25:52] EDIT DrawApp/controllers/default.py: 0
[2015-11-24 05:25:53] EDIT DrawApp/controllers/default.py: 0
[2015-11-24 05:38:23] EDIT DrawApp/controllers/default.py: 0
[2015-11-24 05:38:38] EDIT DrawApp/controllers/default.py: 0
[2015-11-24 05:38:39] EDIT DrawApp/controllers/default.py: 0
[2015-11-24 05:39:24] EDIT DrawApp/controllers/default.py: 0
[2015-11-24 05:39:43] EDIT DrawApp/controllers/default.py: 0
[2015-11-24 05:39:43] EDIT DrawApp/controllers/default.py: 0
[2015-11-24 05:39:43] EDIT DrawApp/controllers/default.py: 0
[2015-11-24 05:39:43] EDIT DrawApp/controllers/default.py: 0
[2015-11-24 05:41:46] EDIT DrawApp/controllers/default.py: 0
[2015-11-24 05:47:55] EDIT DrawApp/controllers/default.py: 0
[2015-11-24 05:47:58] EDIT DrawApp/controllers/default.py: 0
[2015-11-24 05:48:22] EDIT DrawApp/controllers/default.py: 0
[2015-11-24 05:48:23] EDIT DrawApp/controllers/default.py: 0
[2015-11-24 05:48:23] EDIT DrawApp/controllers/default.py: 0
[2015-11-24 05:48:39] EDIT DrawApp/controllers/default.py: 0
[2015-11-24 05:50:07] EDIT DrawApp/controllers/default.py: 0
[2015-11-24 05:50:32] EDIT DrawApp/controllers/default.py: 0
[2015-11-24 05:50:33] EDIT DrawApp/controllers/default.py: 0
[2015-11-24 05:59:48] EDIT DrawApp/controllers/default.py: 0
[2015-11-24 05:59:48] EDIT DrawApp/controllers/default.py: 0
[2015-11-24 06:02:23] EDIT DrawApp/views/default/editImage.html: 0
[2015-11-24 06:02:48] EDIT DrawApp/views/default/editImage.html: 0
[2015-11-24 06:03:12] EDIT DrawApp/views/default/editImage.html: 0
[2015-11-24 06:29:16] EDIT DrawApp/views/default/drawNewImage.html: 0
[2015-11-24 06:29:32] EDIT DrawApp/views/default/drawNewImage.html: 0
[2015-11-24 06:29:54] EDIT DrawApp/views/default/drawNewImage.html: 0
[2015-11-24 06:30:19] EDIT DrawApp/views/default/drawNewImage.html: 0
[2015-11-24 06:30:47] EDIT DrawApp/views/default/editImage.html: 0
[2015-11-24 06:30:48] EDIT DrawApp/views/default/editImage.html: 0
[2015-11-24 06:30:48] EDIT DrawApp/views/default/editImage.html: 0
[2015-11-24 06:30:48] EDIT DrawApp/views/default/editImage.html: 0
[2015-11-24 06:34:08] EDIT DrawApp/views/default/drawNewImage.html: 0
[2015-11-24 06:34:13] EDIT DrawApp/views/default/editImage.html: 0
[2015-11-24 06:40:01] EDIT DrawApp/views/default/drawNewImage.html: 0
[2015-11-24 06:42:22] EDIT DrawApp/static/js/newImage.js: 7
[2015-11-24 06:42:27] EDIT DrawApp/static/js/newImage.js: 0
[2015-11-24 06:42:28] EDIT DrawApp/static/js/newImage.js: 0
[2015-11-24 06:42:28] EDIT DrawApp/static/js/newImage.js: 0
[2015-11-24 06:42:31] EDIT DrawApp/views/default/drawNewImage.html: 0
[2015-11-24 06:42:32] EDIT DrawApp/views/default/drawNewImage.html: 0
[2015-11-24 06:42:32] EDIT DrawApp/views/default/drawNewImage.html: 0
[2015-11-24 06:42:32] EDIT DrawApp/views/default/drawNewImage.html: 0
[2015-11-24 06:43:55] EDIT DrawApp/static/js/newImage.js: 0
[2015-11-24 06:43:59] EDIT DrawApp/controllers/default.py: 0
[2015-11-24 06:45:32] EDIT DrawApp/static/js/newImage.js: -1
[2015-11-24 06:45:42] EDIT DrawApp/static/js/newImage.js: 1
[2015-11-24 06:45:42] EDIT DrawApp/static/js/newImage.js: 0
[2015-11-24 06:45:42] EDIT DrawApp/static/js/newImage.js: 0
[2015-11-24 06:45:43] EDIT DrawApp/static/js/newImage.js: 0
[2015-11-24 06:45:49] EDIT DrawApp/static/js/newImage.js: -2
[2015-11-24 06:46:05] EDIT DrawApp/views/default/drawNewImage.html: 0
[2015-11-24 06:46:56] EDIT DrawApp/static/js/newImage.js: 1
[2015-11-24 06:46:57] EDIT DrawApp/static/js/newImage.js: 0
[2015-11-24 06:47:24] EDIT DrawApp/views/default/drawNewImage.html: 0
[2015-11-24 06:47:25] EDIT DrawApp/views/default/drawNewImage.html: 0
[2015-11-24 06:47:25] EDIT DrawApp/views/default/drawNewImage.html: 0
[2015-11-24 06:48:12] EDIT DrawApp/views/default/drawNewImage.html: 0
[2015-11-24 06:48:56] EDIT DrawApp/static/js/newImage.js: -6
[2015-11-24 06:48:56] EDIT DrawApp/static/js/newImage.js: 0
[2015-11-24 06:49:01] EDIT DrawApp/static/js/newImage.js: 0
[2015-11-24 06:49:04] EDIT DrawApp/static/js/newImage.js: 0
[2015-11-24 06:56:20] EDIT DrawApp/static/js/editDrawing.js: 0
[2015-11-24 06:57:56] EDIT DrawApp/static/js/editDrawing.js: 0
[2015-11-24 06:57:57] EDIT DrawApp/static/js/editDrawing.js: 0
[2015-11-24 06:58:10] EDIT DrawApp/static/js/editDrawing.js: 0
[2015-11-24 06:58:23] EDIT DrawApp/static/js/editDrawing.js: 0
[2015-11-24 06:58:32] EDIT DrawApp/static/js/editDrawing.js: 0
[2015-11-24 07:01:17] EDIT DrawApp/static/js/editDrawing.js: 0
[2015-11-24 07:02:19] EDIT DrawApp/static/js/editDrawing.js: 0
[2015-11-24 07:02:20] EDIT DrawApp/static/js/editDrawing.js: 0
